<?xml version="1.0" encoding="UTF-8" standalone="yes"?><!DOCTYPE report PUBLIC "-//JACOCO//DTD Report 1.0//EN" "report.dtd"><report name="GeoPackage 1.2 Conformance Test Suite"><sessioninfo id="build-4812c395" start="1531490874553" dump="1531490888366"/><package name="org/opengis/cite/gpkg12/extensions/coverage"><class name="org/opengis/cite/gpkg12/extensions/coverage/TiledGriddedCoverageTests"><method name="&lt;init&gt;" desc="()V" line="46"><counter type="INSTRUCTION" missed="0" covered="14"/><counter type="LINE" missed="0" covered="5"/><counter type="COMPLEXITY" missed="0" covered="1"/><counter type="METHOD" missed="0" covered="1"/></method><method name="a_ValidateExtensionPresent" desc="(Lorg/testng/ITestContext;)V" line="53"><counter type="INSTRUCTION" missed="30" covered="89"/><counter type="BRANCH" missed="8" covered="10"/><counter type="LINE" missed="0" covered="9"/><counter type="COMPLEXITY" missed="8" covered="2"/><counter type="METHOD" missed="0" covered="1"/></method><method name="setUp" desc="()V" line="73"><counter type="INSTRUCTION" missed="98" covered="4"/><counter type="BRANCH" missed="19" covered="1"/><counter type="LINE" missed="7" covered="2"/><counter type="COMPLEXITY" missed="10" covered="1"/><counter type="METHOD" missed="0" covered="1"/></method><method name="coverageAncillaryTableDefinition" desc="()V" line="106"><counter type="INSTRUCTION" missed="71" covered="369"/><counter type="BRANCH" missed="25" covered="31"/><counter type="LINE" missed="0" covered="43"/><counter type="COMPLEXITY" missed="21" covered="8"/><counter type="METHOD" missed="0" covered="1"/></method><method name="tileAncillaryTableDefinition" desc="()V" line="170"><counter type="INSTRUCTION" missed="71" covered="420"/><counter type="BRANCH" missed="24" covered="34"/><counter type="LINE" missed="0" covered="48"/><counter type="COMPLEXITY" missed="20" covered="10"/><counter type="METHOD" missed="0" covered="1"/></method><method name="requiredSRSRows" desc="()V" line="239"><counter type="INSTRUCTION" missed="61" covered="38"/><counter type="BRANCH" missed="13" covered="5"/><counter type="LINE" missed="0" covered="6"/><counter type="COMPLEXITY" missed="9" covered="1"/><counter type="METHOD" missed="0" covered="1"/></method><method name="requiredSRSReferences" desc="()V" line="259"><counter type="INSTRUCTION" missed="215" covered="8"/><counter type="BRANCH" missed="35" covered="1"/><counter type="LINE" missed="12" covered="2"/><counter type="COMPLEXITY" missed="18" covered="1"/><counter type="METHOD" missed="0" covered="1"/></method><method name="extensionTableRows" desc="()V" line="287"><counter type="INSTRUCTION" missed="191" covered="132"/><counter type="BRANCH" missed="48" covered="20"/><counter type="LINE" missed="9" covered="24"/><counter type="COMPLEXITY" missed="31" covered="4"/><counter type="METHOD" missed="0" covered="1"/></method><method name="coverageAncillaryValues" desc="()V" line="346"><counter type="INSTRUCTION" missed="126" covered="8"/><counter type="BRANCH" missed="19" covered="1"/><counter type="LINE" missed="7" covered="2"/><counter type="COMPLEXITY" missed="10" covered="1"/><counter type="METHOD" missed="0" covered="1"/></method><method name="coverageAncillarySetName" desc="()V" line="368"><counter type="INSTRUCTION" missed="121" covered="77"/><counter type="BRANCH" missed="25" covered="11"/><counter type="LINE" missed="0" covered="13"/><counter type="COMPLEXITY" missed="17" covered="2"/><counter type="METHOD" missed="0" covered="1"/></method><method name="coverageAncillaryDatatype" desc="()V" line="400"><counter type="INSTRUCTION" missed="180" covered="40"/><counter type="BRANCH" missed="23" covered="7"/><counter type="LINE" missed="12" covered="9"/><counter type="COMPLEXITY" missed="14" covered="2"/><counter type="METHOD" missed="0" covered="1"/></method><method name="tileAncillaryTableRef" desc="()V" line="458"><counter type="INSTRUCTION" missed="222" covered="8"/><counter type="BRANCH" missed="39" covered="1"/><counter type="LINE" missed="15" covered="2"/><counter type="COMPLEXITY" missed="20" covered="1"/><counter type="METHOD" missed="0" covered="1"/></method><method name="tileAncillaryTableVal" desc="()V" line="491"><counter type="INSTRUCTION" missed="182" covered="227"/><counter type="BRANCH" missed="38" covered="18"/><counter type="LINE" missed="0" covered="28"/><counter type="COMPLEXITY" missed="26" covered="3"/><counter type="METHOD" missed="0" covered="1"/></method><method name="imageFormat" desc="()V" line="572"><counter type="INSTRUCTION" missed="207" covered="8"/><counter type="BRANCH" missed="35" covered="1"/><counter type="LINE" missed="23" covered="2"/><counter type="COMPLEXITY" missed="18" covered="1"/><counter type="METHOD" missed="0" covered="1"/></method><method name="&lt;clinit&gt;" desc="()V" line="616"><counter type="INSTRUCTION" missed="0" covered="12"/><counter type="LINE" missed="0" covered="3"/><counter type="COMPLEXITY" missed="0" covered="1"/><counter type="METHOD" missed="0" covered="1"/></method><counter type="INSTRUCTION" missed="1775" covered="1454"/><counter type="BRANCH" missed="351" covered="141"/><counter type="LINE" missed="85" covered="198"/><counter type="COMPLEXITY" missed="222" covered="39"/><counter type="METHOD" missed="0" covered="15"/><counter type="CLASS" missed="0" covered="1"/></class><sourcefile name="TiledGriddedCoverageTests.java"><line nr="46" mi="0" ci="2" mb="0" cb="0"/><line nr="48" mi="0" ci="3" mb="0" cb="0"/><line nr="49" mi="0" ci="1" mb="0" cb="0"/><line nr="53" mi="0" ci="12" mb="0" cb="0"/><line nr="54" mi="0" ci="1" mb="0" cb="0"/><line nr="56" mi="0" ci="14" mb="0" cb="0"/><line nr="57" mi="0" ci="4" mb="0" cb="0"/><line nr="58" mi="0" ci="4" mb="0" cb="0"/><line nr="60" mi="0" ci="3" mb="0" cb="0"/><line nr="61" mi="0" ci="16" mb="0" cb="2"/><line nr="62" mi="30" ci="34" mb="8" cb="8"/><line nr="63" mi="0" ci="1" mb="0" cb="0"/><line nr="73" mi="0" ci="3" mb="1" cb="1"/><line nr="74" mi="0" ci="1" mb="0" cb="0"/><line nr="84" mi="14" ci="0" mb="0" cb="0"/><line nr="85" mi="4" ci="0" mb="0" cb="0"/><line nr="86" mi="4" ci="0" mb="0" cb="0"/><line nr="88" mi="3" ci="0" mb="2" cb="0"/><line nr="89" mi="8" ci="0" mb="0" cb="0"/><line nr="91" mi="64" ci="0" mb="16" cb="0"/><line nr="92" mi="1" ci="0" mb="0" cb="0"/><line nr="106" mi="10" ci="4" mb="0" cb="0"/><line nr="108" mi="0" ci="4" mb="0" cb="0"/><line nr="110" mi="0" ci="4" mb="0" cb="0"/><line nr="113" mi="0" ci="2" mb="0" cb="0"/><line nr="114" mi="0" ci="2" mb="0" cb="0"/><line nr="116" mi="0" ci="5" mb="0" cb="0"/><line nr="118" mi="0" ci="3" mb="0" cb="2"/><line nr="120" mi="0" ci="4" mb="0" cb="0"/><line nr="121" mi="0" ci="4" mb="0" cb="2"/><line nr="123" mi="0" ci="5" mb="0" cb="0"/><line nr="124" mi="0" ci="4" mb="0" cb="2"/><line nr="125" mi="0" ci="14" mb="0" cb="0"/><line nr="126" mi="1" ci="16" mb="1" cb="1"/><line nr="127" mi="0" ci="5" mb="0" cb="0"/><line nr="128" mi="0" ci="4" mb="0" cb="2"/><line nr="129" mi="0" ci="14" mb="0" cb="0"/><line nr="130" mi="1" ci="16" mb="1" cb="1"/><line nr="131" mi="0" ci="4" mb="0" cb="0"/><line nr="132" mi="1" ci="19" mb="2" cb="2"/><line nr="133" mi="0" ci="4" mb="0" cb="0"/><line nr="134" mi="0" ci="5" mb="0" cb="2"/><line nr="135" mi="0" ci="14" mb="0" cb="0"/><line nr="136" mi="1" ci="16" mb="1" cb="1"/><line nr="137" mi="1" ci="18" mb="1" cb="1"/><line nr="138" mi="0" ci="5" mb="0" cb="0"/><line nr="139" mi="0" ci="4" mb="0" cb="2"/><line nr="140" mi="0" ci="14" mb="0" cb="0"/><line nr="141" mi="1" ci="16" mb="1" cb="1"/><line nr="142" mi="1" ci="17" mb="1" cb="1"/><line nr="143" mi="0" ci="5" mb="0" cb="0"/><line nr="144" mi="0" ci="4" mb="0" cb="2"/><line nr="145" mi="0" ci="14" mb="0" cb="0"/><line nr="146" mi="1" ci="15" mb="1" cb="1"/><line nr="147" mi="1" ci="18" mb="1" cb="1"/><line nr="148" mi="0" ci="5" mb="0" cb="0"/><line nr="149" mi="0" ci="4" mb="1" cb="1"/><line nr="150" mi="0" ci="14" mb="0" cb="0"/><line nr="151" mi="1" ci="15" mb="1" cb="1"/><line nr="152" mi="0" ci="4" mb="0" cb="0"/><line nr="154" mi="0" ci="1" mb="0" cb="0"/><line nr="155" mi="1" ci="9" mb="1" cb="1"/><line nr="156" mi="50" ci="14" mb="12" cb="4"/><line nr="157" mi="0" ci="1" mb="0" cb="0"/><line nr="170" mi="10" ci="4" mb="0" cb="0"/><line nr="172" mi="0" ci="4" mb="0" cb="0"/><line nr="174" mi="0" ci="4" mb="0" cb="0"/><line nr="178" mi="0" ci="2" mb="0" cb="0"/><line nr="179" mi="0" ci="2" mb="0" cb="0"/><line nr="181" mi="0" ci="3" mb="0" cb="2"/><line nr="182" mi="0" ci="5" mb="0" cb="0"/><line nr="184" mi="0" ci="4" mb="0" cb="0"/><line nr="185" mi="0" ci="4" mb="0" cb="2"/><line nr="187" mi="0" ci="5" mb="0" cb="0"/><line nr="188" mi="0" ci="4" mb="0" cb="2"/><line nr="189" mi="0" ci="14" mb="0" cb="0"/><line nr="190" mi="1" ci="16" mb="1" cb="1"/><line nr="191" mi="0" ci="5" mb="0" cb="0"/><line nr="192" mi="0" ci="4" mb="0" cb="2"/><line nr="193" mi="0" ci="14" mb="0" cb="0"/><line nr="194" mi="1" ci="16" mb="1" cb="1"/><line nr="195" mi="0" ci="5" mb="0" cb="0"/><line nr="196" mi="0" ci="4" mb="0" cb="2"/><line nr="197" mi="0" ci="14" mb="0" cb="0"/><line nr="198" mi="1" ci="16" mb="1" cb="1"/><line nr="199" mi="1" ci="18" mb="1" cb="1"/><line nr="200" mi="0" ci="5" mb="0" cb="0"/><line nr="201" mi="0" ci="4" mb="0" cb="2"/><line nr="202" mi="0" ci="14" mb="0" cb="0"/><line nr="203" mi="1" ci="16" mb="1" cb="1"/><line nr="204" mi="1" ci="17" mb="1" cb="1"/><line nr="205" mi="0" ci="5" mb="0" cb="0"/><line nr="206" mi="0" ci="4" mb="0" cb="2"/><line nr="207" mi="0" ci="14" mb="0" cb="0"/><line nr="208" mi="1" ci="15" mb="1" cb="1"/><line nr="209" mi="0" ci="5" mb="0" cb="0"/><line nr="210" mi="0" ci="4" mb="0" cb="2"/><line nr="211" mi="0" ci="14" mb="0" cb="0"/><line nr="212" mi="1" ci="15" mb="1" cb="1"/><line nr="213" mi="0" ci="5" mb="0" cb="0"/><line nr="214" mi="0" ci="4" mb="0" cb="2"/><line nr="215" mi="0" ci="14" mb="0" cb="0"/><line nr="216" mi="1" ci="15" mb="1" cb="1"/><line nr="217" mi="0" ci="5" mb="0" cb="0"/><line nr="218" mi="0" ci="4" mb="1" cb="1"/><line nr="219" mi="0" ci="14" mb="0" cb="0"/><line nr="220" mi="1" ci="15" mb="1" cb="1"/><line nr="221" mi="0" ci="4" mb="0" cb="0"/><line nr="223" mi="0" ci="1" mb="0" cb="0"/><line nr="224" mi="1" ci="25" mb="1" cb="1"/><line nr="225" mi="50" ci="14" mb="12" cb="4"/><line nr="226" mi="0" ci="1" mb="0" cb="0"/><line nr="239" mi="10" ci="4" mb="0" cb="0"/><line nr="240" mi="0" ci="4" mb="0" cb="0"/><line nr="241" mi="0" ci="4" mb="0" cb="0"/><line nr="244" mi="1" ci="11" mb="1" cb="1"/><line nr="245" mi="50" ci="14" mb="12" cb="4"/><line nr="246" mi="0" ci="1" mb="0" cb="0"/><line nr="259" mi="4" ci="7" mb="1" cb="1"/><line nr="260" mi="14" ci="0" mb="0" cb="0"/><line nr="261" mi="4" ci="0" mb="0" cb="0"/><line nr="262" mi="11" ci="0" mb="0" cb="0"/><line nr="264" mi="3" ci="0" mb="0" cb="0"/><line nr="265" mi="4" ci="0" mb="0" cb="0"/><line nr="266" mi="14" ci="0" mb="0" cb="0"/><line nr="267" mi="4" ci="0" mb="0" cb="0"/><line nr="268" mi="11" ci="0" mb="0" cb="0"/><line nr="270" mi="17" ci="0" mb="2" cb="0"/><line nr="271" mi="64" ci="0" mb="16" cb="0"/><line nr="272" mi="64" ci="0" mb="16" cb="0"/><line nr="273" mi="1" ci="0" mb="0" cb="0"/><line nr="274" mi="0" ci="1" mb="0" cb="0"/><line nr="287" mi="10" ci="4" mb="0" cb="0"/><line nr="289" mi="0" ci="4" mb="0" cb="0"/><line nr="291" mi="0" ci="4" mb="0" cb="0"/><line nr="294" mi="0" ci="2" mb="0" cb="0"/><line nr="295" mi="0" ci="2" mb="0" cb="0"/><line nr="297" mi="0" ci="3" mb="0" cb="2"/><line nr="299" mi="0" ci="4" mb="0" cb="0"/><line nr="300" mi="0" ci="4" mb="0" cb="2"/><line nr="301" mi="0" ci="7" mb="1" cb="1"/><line nr="302" mi="0" ci="6" mb="1" cb="1"/><line nr="303" mi="0" ci="6" mb="1" cb="1"/><line nr="304" mi="0" ci="3" mb="1" cb="1"/><line nr="305" mi="0" ci="5" mb="0" cb="0"/><line nr="307" mi="0" ci="4" mb="0" cb="2"/><line nr="308" mi="0" ci="7" mb="1" cb="1"/><line nr="309" mi="0" ci="6" mb="1" cb="1"/><line nr="310" mi="0" ci="6" mb="1" cb="1"/><line nr="311" mi="0" ci="3" mb="1" cb="1"/><line nr="312" mi="0" ci="4" mb="0" cb="0"/><line nr="315" mi="0" ci="1" mb="0" cb="0"/><line nr="316" mi="1" ci="25" mb="1" cb="1"/><line nr="317" mi="50" ci="14" mb="12" cb="4"/><line nr="320" mi="4" ci="7" mb="1" cb="1"/><line nr="321" mi="14" ci="0" mb="0" cb="0"/><line nr="322" mi="4" ci="0" mb="0" cb="0"/><line nr="323" mi="11" ci="0" mb="0" cb="0"/><line nr="325" mi="13" ci="0" mb="4" cb="0"/><line nr="326" mi="6" ci="0" mb="2" cb="0"/><line nr="327" mi="6" ci="0" mb="2" cb="0"/><line nr="328" mi="7" ci="0" mb="2" cb="0"/><line nr="330" mi="64" ci="0" mb="16" cb="0"/><line nr="331" mi="1" ci="0" mb="0" cb="0"/><line nr="332" mi="0" ci="1" mb="0" cb="0"/><line nr="346" mi="4" ci="7" mb="1" cb="1"/><line nr="347" mi="14" ci="0" mb="0" cb="0"/><line nr="348" mi="4" ci="0" mb="0" cb="0"/><line nr="349" mi="11" ci="0" mb="0" cb="0"/><line nr="351" mi="3" ci="0" mb="0" cb="0"/><line nr="352" mi="25" ci="0" mb="2" cb="0"/><line nr="353" mi="64" ci="0" mb="16" cb="0"/><line nr="354" mi="1" ci="0" mb="0" cb="0"/><line nr="355" mi="0" ci="1" mb="0" cb="0"/><line nr="368" mi="10" ci="4" mb="0" cb="0"/><line nr="370" mi="0" ci="4" mb="0" cb="0"/><line nr="372" mi="0" ci="4" mb="0" cb="0"/><line nr="375" mi="0" ci="3" mb="0" cb="2"/><line nr="377" mi="0" ci="4" mb="0" cb="0"/><line nr="378" mi="10" ci="4" mb="0" cb="0"/><line nr="379" mi="0" ci="4" mb="0" cb="0"/><line nr="381" mi="0" ci="11" mb="0" cb="0"/><line nr="383" mi="1" ci="9" mb="1" cb="1"/><line nr="384" mi="50" ci="14" mb="12" cb="4"/><line nr="385" mi="0" ci="1" mb="0" cb="0"/><line nr="386" mi="50" ci="14" mb="12" cb="4"/><line nr="387" mi="0" ci="1" mb="0" cb="0"/><line nr="400" mi="10" ci="4" mb="0" cb="0"/><line nr="402" mi="0" ci="4" mb="0" cb="0"/><line nr="404" mi="0" ci="4" mb="0" cb="0"/><line nr="407" mi="0" ci="3" mb="0" cb="2"/><line nr="408" mi="0" ci="4" mb="0" cb="0"/><line nr="409" mi="0" ci="5" mb="1" cb="1"/><line nr="410" mi="0" ci="1" mb="0" cb="0"/><line nr="413" mi="4" ci="0" mb="0" cb="0"/><line nr="414" mi="13" ci="0" mb="4" cb="0"/><line nr="416" mi="4" ci="0" mb="2" cb="0"/><line nr="417" mi="4" ci="0" mb="0" cb="0"/><line nr="418" mi="4" ci="0" mb="0" cb="0"/><line nr="420" mi="34" ci="0" mb="2" cb="0"/><line nr="421" mi="1" ci="0" mb="0" cb="0"/><line nr="427" mi="10" ci="0" mb="0" cb="0"/><line nr="431" mi="34" ci="0" mb="2" cb="0"/><line nr="432" mi="1" ci="0" mb="0" cb="0"/><line nr="438" mi="10" ci="0" mb="0" cb="0"/><line nr="442" mi="1" ci="0" mb="0" cb="0"/><line nr="443" mi="50" ci="14" mb="12" cb="4"/><line nr="444" mi="0" ci="1" mb="0" cb="0"/><line nr="458" mi="4" ci="7" mb="1" cb="1"/><line nr="459" mi="14" ci="0" mb="0" cb="0"/><line nr="460" mi="4" ci="0" mb="0" cb="0"/><line nr="461" mi="11" ci="0" mb="0" cb="0"/><line nr="463" mi="3" ci="0" mb="2" cb="0"/><line nr="464" mi="14" ci="0" mb="0" cb="0"/><line nr="465" mi="4" ci="0" mb="0" cb="0"/><line nr="466" mi="7" ci="0" mb="0" cb="0"/><line nr="468" mi="3" ci="0" mb="2" cb="0"/><line nr="469" mi="4" ci="0" mb="0" cb="0"/><line nr="470" mi="4" ci="0" mb="0" cb="0"/><line nr="471" mi="19" ci="0" mb="2" cb="0"/><line nr="472" mi="1" ci="0" mb="0" cb="0"/><line nr="474" mi="65" ci="0" mb="16" cb="0"/><line nr="476" mi="64" ci="0" mb="16" cb="0"/><line nr="477" mi="1" ci="0" mb="0" cb="0"/><line nr="478" mi="0" ci="1" mb="0" cb="0"/><line nr="491" mi="10" ci="4" mb="0" cb="0"/><line nr="493" mi="0" ci="4" mb="0" cb="0"/><line nr="494" mi="0" ci="4" mb="0" cb="0"/><line nr="497" mi="0" ci="3" mb="0" cb="2"/><line nr="498" mi="0" ci="4" mb="0" cb="0"/><line nr="499" mi="10" ci="4" mb="0" cb="0"/><line nr="500" mi="0" ci="4" mb="0" cb="0"/><line nr="502" mi="0" ci="11" mb="0" cb="0"/><line nr="505" mi="0" ci="11" mb="0" cb="0"/><line nr="506" mi="50" ci="14" mb="12" cb="4"/><line nr="507" mi="10" ci="4" mb="0" cb="0"/><line nr="509" mi="0" ci="4" mb="0" cb="0"/><line nr="510" mi="0" ci="11" mb="0" cb="0"/><line nr="513" mi="0" ci="11" mb="0" cb="0"/><line nr="514" mi="0" ci="4" mb="0" cb="0"/><line nr="515" mi="0" ci="4" mb="0" cb="2"/><line nr="516" mi="0" ci="4" mb="0" cb="0"/><line nr="517" mi="0" ci="4" mb="0" cb="0"/><line nr="519" mi="1" ci="33" mb="1" cb="1"/><line nr="520" mi="0" ci="1" mb="0" cb="0"/><line nr="526" mi="0" ci="10" mb="0" cb="0"/><line nr="530" mi="1" ci="33" mb="1" cb="1"/><line nr="531" mi="0" ci="1" mb="0" cb="0"/><line nr="537" mi="0" ci="10" mb="0" cb="0"/><line nr="541" mi="50" ci="14" mb="12" cb="4"/><line nr="542" mi="0" ci="1" mb="0" cb="0"/><line nr="543" mi="50" ci="14" mb="12" cb="4"/><line nr="544" mi="0" ci="1" mb="0" cb="0"/><line nr="572" mi="4" ci="7" mb="1" cb="1"/><line nr="574" mi="4" ci="0" mb="0" cb="0"/><line nr="575" mi="14" ci="0" mb="0" cb="0"/><line nr="577" mi="4" ci="0" mb="0" cb="0"/><line nr="578" mi="7" ci="0" mb="0" cb="0"/><line nr="581" mi="3" ci="0" mb="2" cb="0"/><line nr="583" mi="4" ci="0" mb="0" cb="0"/><line nr="584" mi="4" ci="0" mb="0" cb="0"/><line nr="586" mi="17" ci="0" mb="0" cb="0"/><line nr="588" mi="4" ci="0" mb="2" cb="0"/><line nr="589" mi="4" ci="0" mb="2" cb="0"/><line nr="590" mi="6" ci="0" mb="0" cb="0"/><line nr="593" mi="4" ci="0" mb="2" cb="0"/><line nr="594" mi="4" ci="0" mb="2" cb="0"/><line nr="595" mi="5" ci="0" mb="0" cb="0"/><line nr="598" mi="32" ci="0" mb="8" cb="0"/><line nr="599" mi="1" ci="0" mb="0" cb="0"/><line nr="600" mi="64" ci="0" mb="16" cb="0"/><line nr="602" mi="13" ci="0" mb="0" cb="0"/><line nr="603" mi="1" ci="0" mb="0" cb="0"/><line nr="605" mi="2" ci="0" mb="0" cb="0"/><line nr="606" mi="2" ci="0" mb="0" cb="0"/><line nr="607" mi="3" ci="0" mb="0" cb="0"/><line nr="608" mi="1" ci="0" mb="0" cb="0"/><line nr="609" mi="0" ci="1" mb="0" cb="0"/><line nr="616" mi="0" ci="7" mb="0" cb="0"/><line nr="619" mi="0" ci="4" mb="0" cb="0"/><line nr="621" mi="0" ci="1" mb="0" cb="0"/><line nr="623" mi="0" ci="3" mb="0" cb="0"/><line nr="624" mi="0" ci="5" mb="0" cb="0"/><counter type="INSTRUCTION" missed="1775" covered="1454"/><counter type="BRANCH" missed="351" covered="141"/><counter type="LINE" missed="85" covered="198"/><counter type="COMPLEXITY" missed="222" covered="39"/><counter type="METHOD" missed="0" covered="15"/><counter type="CLASS" missed="0" covered="1"/></sourcefile><counter type="INSTRUCTION" missed="1775" covered="1454"/><counter type="BRANCH" missed="351" covered="141"/><counter type="LINE" missed="85" covered="198"/><counter type="COMPLEXITY" missed="222" covered="39"/><counter type="METHOD" missed="0" covered="15"/><counter type="CLASS" missed="0" covered="1"/></package><package name="org/opengis/cite/gpkg12/extensions/nonlinear"><class name="org/opengis/cite/gpkg12/extensions/nonlinear/NonlinearTests"><method name="&lt;init&gt;" desc="()V" line="34"><counter type="INSTRUCTION" missed="0" covered="3"/><counter type="LINE" missed="0" covered="1"/><counter type="COMPLEXITY" missed="0" covered="1"/><counter type="METHOD" missed="0" covered="1"/></method><method name="validateExtensionPresent" desc="(Lorg/testng/ITestContext;)V" line="51"><counter type="INSTRUCTION" missed="30" covered="89"/><counter type="BRANCH" missed="8" covered="10"/><counter type="LINE" missed="0" covered="9"/><counter type="COMPLEXITY" missed="8" covered="2"/><counter type="METHOD" missed="0" covered="1"/></method><method name="featureGeometryColumnsDataValuesGeometryType" desc="()V" line="82"><counter type="INSTRUCTION" missed="97" covered="74"/><counter type="BRANCH" missed="22" covered="10"/><counter type="LINE" missed="10" covered="13"/><counter type="COMPLEXITY" missed="14" covered="3"/><counter type="METHOD" missed="0" covered="1"/></method><method name="extensionsRow" desc="()V" line="141"><counter type="INSTRUCTION" missed="120" covered="121"/><counter type="BRANCH" missed="25" covered="15"/><counter type="LINE" missed="0" covered="22"/><counter type="COMPLEXITY" missed="17" covered="4"/><counter type="METHOD" missed="0" covered="1"/></method><method name="&lt;clinit&gt;" desc="()V" line="181"><counter type="INSTRUCTION" missed="0" covered="33"/><counter type="LINE" missed="0" covered="2"/><counter type="COMPLEXITY" missed="0" covered="1"/><counter type="METHOD" missed="0" covered="1"/></method><counter type="INSTRUCTION" missed="247" covered="320"/><counter type="BRANCH" missed="55" covered="35"/><counter type="LINE" missed="10" covered="47"/><counter type="COMPLEXITY" missed="39" covered="11"/><counter type="METHOD" missed="0" covered="5"/><counter type="CLASS" missed="0" covered="1"/></class><sourcefile name="NonlinearTests.java"><line nr="34" mi="0" ci="3" mb="0" cb="0"/><line nr="51" mi="0" ci="12" mb="0" cb="0"/><line nr="52" mi="0" ci="1" mb="0" cb="0"/><line nr="54" mi="0" ci="14" mb="0" cb="0"/><line nr="55" mi="0" ci="4" mb="0" cb="0"/><line nr="56" mi="0" ci="4" mb="0" cb="0"/><line nr="58" mi="0" ci="3" mb="0" cb="0"/><line nr="59" mi="0" ci="16" mb="0" cb="2"/><line nr="60" mi="30" ci="34" mb="8" cb="8"/><line nr="61" mi="0" ci="1" mb="0" cb="0"/><line nr="82" mi="10" ci="4" mb="0" cb="0"/><line nr="84" mi="0" ci="4" mb="0" cb="0"/><line nr="86" mi="0" ci="4" mb="0" cb="0"/><line nr="89" mi="0" ci="3" mb="0" cb="2"/><line nr="91" mi="0" ci="4" mb="0" cb="0"/><line nr="92" mi="0" ci="4" mb="0" cb="0"/><line nr="94" mi="0" ci="2" mb="0" cb="0"/><line nr="96" mi="0" ci="5" mb="1" cb="1"/><line nr="97" mi="1" ci="14" mb="1" cb="3"/><line nr="99" mi="10" ci="0" mb="2" cb="0"/><line nr="100" mi="4" ci="0" mb="2" cb="0"/><line nr="101" mi="2" ci="0" mb="0" cb="0"/><line nr="102" mi="1" ci="0" mb="0" cb="0"/><line nr="104" mi="1" ci="0" mb="0" cb="0"/><line nr="105" mi="10" ci="0" mb="2" cb="0"/><line nr="106" mi="4" ci="0" mb="2" cb="0"/><line nr="107" mi="2" ci="0" mb="0" cb="0"/><line nr="108" mi="1" ci="0" mb="0" cb="0"/><line nr="110" mi="1" ci="0" mb="0" cb="0"/><line nr="113" mi="0" ci="14" mb="0" cb="0"/><line nr="114" mi="0" ci="1" mb="0" cb="0"/><line nr="115" mi="50" ci="14" mb="12" cb="4"/><line nr="116" mi="0" ci="1" mb="0" cb="0"/><line nr="141" mi="10" ci="4" mb="0" cb="0"/><line nr="143" mi="0" ci="4" mb="0" cb="0"/><line nr="145" mi="0" ci="4" mb="0" cb="0"/><line nr="148" mi="0" ci="3" mb="0" cb="2"/><line nr="150" mi="0" ci="4" mb="0" cb="0"/><line nr="153" mi="0" ci="4" mb="0" cb="2"/><line nr="154" mi="0" ci="4" mb="0" cb="0"/><line nr="155" mi="0" ci="4" mb="0" cb="0"/><line nr="157" mi="10" ci="4" mb="0" cb="0"/><line nr="159" mi="0" ci="4" mb="0" cb="0"/><line nr="161" mi="0" ci="15" mb="0" cb="0"/><line nr="163" mi="0" ci="2" mb="0" cb="0"/><line nr="165" mi="0" ci="3" mb="1" cb="1"/><line nr="167" mi="0" ci="13" mb="0" cb="2"/><line nr="168" mi="0" ci="4" mb="0" cb="0"/><line nr="169" mi="0" ci="1" mb="0" cb="0"/><line nr="172" mi="0" ci="13" mb="0" cb="0"/><line nr="173" mi="0" ci="1" mb="0" cb="0"/><line nr="174" mi="50" ci="14" mb="12" cb="4"/><line nr="176" mi="0" ci="1" mb="0" cb="0"/><line nr="177" mi="50" ci="14" mb="12" cb="4"/><line nr="178" mi="0" ci="1" mb="0" cb="0"/><line nr="181" mi="0" ci="31" mb="0" cb="0"/><line nr="182" mi="0" ci="2" mb="0" cb="0"/><counter type="INSTRUCTION" missed="247" covered="320"/><counter type="BRANCH" missed="55" covered="35"/><counter type="LINE" missed="10" covered="47"/><counter type="COMPLEXITY" missed="39" covered="11"/><counter type="METHOD" missed="0" covered="5"/><counter type="CLASS" missed="0" covered="1"/></sourcefile><counter type="INSTRUCTION" missed="247" covered="320"/><counter type="BRANCH" missed="55" covered="35"/><counter type="LINE" missed="10" covered="47"/><counter type="COMPLEXITY" missed="39" covered="11"/><counter type="METHOD" missed="0" covered="5"/><counter type="CLASS" missed="0" covered="1"/></package><package name="org/opengis/cite/gpkg12/extensions"><class name="org/opengis/cite/gpkg12/extensions/ExtensionsTests"><method name="&lt;init&gt;" desc="()V" line="32"><counter type="INSTRUCTION" missed="0" covered="3"/><counter type="LINE" missed="0" covered="1"/><counter type="COMPLEXITY" missed="0" covered="1"/><counter type="METHOD" missed="0" covered="1"/></method><method name="validateTableExists" desc="(Lorg/testng/ITestContext;)V" line="36"><counter type="INSTRUCTION" missed="0" covered="14"/><counter type="LINE" missed="0" covered="3"/><counter type="COMPLEXITY" missed="0" covered="1"/><counter type="METHOD" missed="0" covered="1"/></method><method name="extensionsTableDefinition" desc="()V" line="60"><counter type="INSTRUCTION" missed="66" covered="269"/><counter type="BRANCH" missed="19" covered="21"/><counter type="LINE" missed="0" covered="31"/><counter type="COMPLEXITY" missed="15" covered="6"/><counter type="METHOD" missed="0" covered="1"/></method><method name="extensionsTableValues" desc="()V" line="115"><counter type="INSTRUCTION" missed="91" covered="156"/><counter type="BRANCH" missed="23" covered="25"/><counter type="LINE" missed="0" covered="19"/><counter type="COMPLEXITY" missed="19" covered="6"/><counter type="METHOD" missed="0" covered="1"/></method><method name="extensionsColumnValues" desc="()V" line="162"><counter type="INSTRUCTION" missed="62" covered="114"/><counter type="BRANCH" missed="12" covered="14"/><counter type="LINE" missed="1" covered="13"/><counter type="COMPLEXITY" missed="12" covered="2"/><counter type="METHOD" missed="0" covered="1"/></method><method name="extensionsColumnScope" desc="()V" line="201"><counter type="INSTRUCTION" missed="61" covered="54"/><counter type="BRANCH" missed="13" covered="9"/><counter type="LINE" missed="0" covered="9"/><counter type="COMPLEXITY" missed="9" covered="3"/><counter type="METHOD" missed="0" covered="1"/></method><counter type="INSTRUCTION" missed="280" covered="610"/><counter type="BRANCH" missed="67" covered="69"/><counter type="LINE" missed="1" covered="76"/><counter type="COMPLEXITY" missed="55" covered="19"/><counter type="METHOD" missed="0" covered="6"/><counter type="CLASS" missed="0" covered="1"/></class><sourcefile name="ExtensionsTests.java"><line nr="32" mi="0" ci="3" mb="0" cb="0"/><line nr="36" mi="0" ci="12" mb="0" cb="0"/><line nr="37" mi="0" ci="1" mb="0" cb="0"/><line nr="38" mi="0" ci="1" mb="0" cb="0"/><line nr="60" mi="10" ci="4" mb="0" cb="0"/><line nr="61" mi="0" ci="4" mb="0" cb="0"/><line nr="63" mi="0" ci="4" mb="0" cb="0"/><line nr="66" mi="0" ci="2" mb="0" cb="0"/><line nr="67" mi="0" ci="2" mb="0" cb="0"/><line nr="69" mi="0" ci="3" mb="0" cb="2"/><line nr="71" mi="0" ci="4" mb="0" cb="0"/><line nr="72" mi="0" ci="4" mb="0" cb="2"/><line nr="73" mi="0" ci="18" mb="0" cb="0"/><line nr="74" mi="1" ci="19" mb="1" cb="1"/><line nr="75" mi="0" ci="5" mb="0" cb="0"/><line nr="76" mi="0" ci="4" mb="0" cb="2"/><line nr="77" mi="0" ci="18" mb="0" cb="0"/><line nr="78" mi="1" ci="19" mb="1" cb="1"/><line nr="79" mi="0" ci="5" mb="0" cb="0"/><line nr="80" mi="0" ci="4" mb="0" cb="2"/><line nr="81" mi="0" ci="18" mb="0" cb="0"/><line nr="82" mi="1" ci="20" mb="1" cb="1"/><line nr="83" mi="0" ci="5" mb="0" cb="0"/><line nr="84" mi="0" ci="4" mb="0" cb="2"/><line nr="85" mi="0" ci="7" mb="0" cb="0"/><line nr="86" mi="1" ci="20" mb="1" cb="1"/><line nr="87" mi="0" ci="5" mb="0" cb="0"/><line nr="88" mi="0" ci="4" mb="1" cb="1"/><line nr="89" mi="0" ci="18" mb="0" cb="0"/><line nr="90" mi="1" ci="9" mb="1" cb="1"/><line nr="91" mi="0" ci="4" mb="0" cb="0"/><line nr="93" mi="0" ci="1" mb="0" cb="0"/><line nr="94" mi="1" ci="20" mb="1" cb="1"/><line nr="95" mi="50" ci="14" mb="12" cb="4"/><line nr="97" mi="0" ci="1" mb="0" cb="0"/><line nr="115" mi="10" ci="4" mb="0" cb="0"/><line nr="116" mi="0" ci="4" mb="0" cb="0"/><line nr="118" mi="0" ci="4" mb="0" cb="0"/><line nr="121" mi="0" ci="3" mb="0" cb="2"/><line nr="123" mi="0" ci="4" mb="0" cb="0"/><line nr="124" mi="0" ci="4" mb="0" cb="0"/><line nr="127" mi="1" ci="23" mb="1" cb="3"/><line nr="128" mi="0" ci="1" mb="0" cb="0"/><line nr="129" mi="50" ci="14" mb="12" cb="4"/><line nr="131" mi="0" ci="14" mb="0" cb="0"/><line nr="133" mi="0" ci="4" mb="0" cb="0"/><line nr="135" mi="0" ci="4" mb="0" cb="0"/><line nr="137" mi="0" ci="3" mb="0" cb="2"/><line nr="139" mi="0" ci="4" mb="0" cb="0"/><line nr="140" mi="0" ci="4" mb="0" cb="0"/><line nr="141" mi="0" ci="26" mb="2" cb="6"/><line nr="142" mi="0" ci="1" mb="0" cb="0"/><line nr="143" mi="30" ci="34" mb="8" cb="8"/><line nr="144" mi="0" ci="1" mb="0" cb="0"/><line nr="162" mi="0" ci="14" mb="0" cb="0"/><line nr="164" mi="0" ci="4" mb="0" cb="0"/><line nr="166" mi="0" ci="4" mb="0" cb="0"/><line nr="169" mi="0" ci="3" mb="0" cb="2"/><line nr="171" mi="0" ci="4" mb="0" cb="0"/><line nr="172" mi="0" ci="4" mb="0" cb="0"/><line nr="175" mi="0" ci="11" mb="0" cb="0"/><line nr="177" mi="0" ci="15" mb="0" cb="0"/><line nr="178" mi="15" ci="18" mb="4" cb="4"/><line nr="179" mi="17" ci="0" mb="0" cb="0"/><line nr="180" mi="0" ci="1" mb="0" cb="0"/><line nr="181" mi="0" ci="1" mb="0" cb="0"/><line nr="182" mi="30" ci="34" mb="8" cb="8"/><line nr="183" mi="0" ci="1" mb="0" cb="0"/><line nr="201" mi="10" ci="4" mb="0" cb="0"/><line nr="203" mi="0" ci="4" mb="0" cb="0"/><line nr="205" mi="0" ci="4" mb="0" cb="0"/><line nr="208" mi="0" ci="3" mb="0" cb="2"/><line nr="210" mi="0" ci="4" mb="0" cb="0"/><line nr="212" mi="1" ci="19" mb="1" cb="3"/><line nr="213" mi="0" ci="1" mb="0" cb="0"/><line nr="214" mi="50" ci="14" mb="12" cb="4"/><line nr="215" mi="0" ci="1" mb="0" cb="0"/><counter type="INSTRUCTION" missed="280" covered="610"/><counter type="BRANCH" missed="67" covered="69"/><counter type="LINE" missed="1" covered="76"/><counter type="COMPLEXITY" missed="55" covered="19"/><counter type="METHOD" missed="0" covered="6"/><counter type="CLASS" missed="0" covered="1"/></sourcefile><counter type="INSTRUCTION" missed="280" covered="610"/><counter type="BRANCH" missed="67" covered="69"/><counter type="LINE" missed="1" covered="76"/><counter type="COMPLEXITY" missed="55" covered="19"/><counter type="METHOD" missed="0" covered="6"/><counter type="CLASS" missed="0" covered="1"/></package><package name="org/opengis/cite/gpkg12/extensions/metadata"><class name="org/opengis/cite/gpkg12/extensions/metadata/MetadataTests$Metadata"><method name="&lt;init&gt;" desc="(ILjava/lang/String;)V" line="372"><counter type="INSTRUCTION" missed="0" covered="6"/><counter type="LINE" missed="0" covered="3"/><counter type="COMPLEXITY" missed="0" covered="1"/><counter type="METHOD" missed="0" covered="1"/></method><method name="getMdScope" desc="()Ljava/lang/String;" line="378"><counter type="INSTRUCTION" missed="3" covered="0"/><counter type="LINE" missed="1" covered="0"/><counter type="COMPLEXITY" missed="1" covered="0"/><counter type="METHOD" missed="1" covered="0"/></method><method name="hasInvalidScope" desc="()Z" line="383"><counter type="INSTRUCTION" missed="2" covered="8"/><counter type="BRANCH" missed="1" covered="1"/><counter type="LINE" missed="0" covered="1"/><counter type="COMPLEXITY" missed="1" covered="1"/><counter type="METHOD" missed="0" covered="1"/></method><method name="&lt;clinit&gt;" desc="()V" line="388"><counter type="INSTRUCTION" missed="0" covered="81"/><counter type="LINE" missed="0" covered="1"/><counter type="COMPLEXITY" missed="0" covered="1"/><counter type="METHOD" missed="0" covered="1"/></method><counter type="INSTRUCTION" missed="5" covered="95"/><counter type="BRANCH" missed="1" covered="1"/><counter type="LINE" missed="1" covered="5"/><counter type="COMPLEXITY" missed="2" covered="3"/><counter type="METHOD" missed="1" covered="3"/><counter type="CLASS" missed="0" covered="1"/></class><class name="org/opengis/cite/gpkg12/extensions/metadata/MetadataTests"><method name="&lt;init&gt;" desc="()V" line="45"><counter type="INSTRUCTION" missed="0" covered="3"/><counter type="LINE" missed="0" covered="1"/><counter type="COMPLEXITY" missed="0" covered="1"/><counter type="METHOD" missed="0" covered="1"/></method><method name="setUp" desc="()V" line="55"><counter type="INSTRUCTION" missed="120" covered="112"/><counter type="BRANCH" missed="24" covered="12"/><counter type="LINE" missed="0" covered="22"/><counter type="COMPLEXITY" missed="16" covered="3"/><counter type="METHOD" missed="0" covered="1"/></method><method name="activeExtension" desc="(Lorg/testng/ITestContext;)V" line="98"><counter type="INSTRUCTION" missed="30" covered="120"/><counter type="BRANCH" missed="8" covered="12"/><counter type="LINE" missed="0" covered="14"/><counter type="COMPLEXITY" missed="8" covered="3"/><counter type="METHOD" missed="0" covered="1"/></method><method name="metadataTableDefinition" desc="()V" line="139"><counter type="INSTRUCTION" missed="37" covered="368"/><counter type="BRANCH" missed="16" covered="30"/><counter type="LINE" missed="0" covered="34"/><counter type="COMPLEXITY" missed="16" covered="8"/><counter type="METHOD" missed="0" covered="1"/></method><method name="metadataScopeValues" desc="()V" line="193"><counter type="INSTRUCTION" missed="0" covered="25"/><counter type="LINE" missed="0" covered="8"/><counter type="COMPLEXITY" missed="0" covered="1"/><counter type="METHOD" missed="0" covered="1"/></method><method name="metadataReferencesTableDefinition" desc="()V" line="220"><counter type="INSTRUCTION" missed="15" covered="120"/><counter type="LINE" missed="2" covered="13"/><counter type="COMPLEXITY" missed="0" covered="1"/><counter type="METHOD" missed="0" covered="1"/></method><method name="metadataExtensionTableValues" desc="()V" line="261"><counter type="INSTRUCTION" missed="60" covered="56"/><counter type="BRANCH" missed="12" covered="10"/><counter type="LINE" missed="0" covered="11"/><counter type="COMPLEXITY" missed="8" covered="4"/><counter type="METHOD" missed="0" covered="1"/></method><method name="metadataReferencesScopeValues" desc="()V" line="293"><counter type="INSTRUCTION" missed="0" covered="25"/><counter type="LINE" missed="0" covered="9"/><counter type="COMPLEXITY" missed="0" covered="1"/><counter type="METHOD" missed="0" covered="1"/></method><method name="metadataReferenceScopeAgreement" desc="()V" line="322"><counter type="INSTRUCTION" missed="60" covered="98"/><counter type="BRANCH" missed="12" covered="6"/><counter type="LINE" missed="0" covered="27"/><counter type="COMPLEXITY" missed="8" covered="2"/><counter type="METHOD" missed="0" covered="1"/></method><method name="nullSafeGet" desc="(Ljava/sql/ResultSet;Ljava/lang/String;)Ljava/lang/Integer;" line="362"><counter type="INSTRUCTION" missed="1" covered="11"/><counter type="BRANCH" missed="1" covered="1"/><counter type="LINE" missed="0" covered="2"/><counter type="COMPLEXITY" missed="1" covered="1"/><counter type="METHOD" missed="0" covered="1"/></method><method name="lambda$metadataReferenceScopeAgreement$3" desc="(Ljava/util/Collection;Lorg/opengis/cite/gpkg12/extensions/metadata/MetadataTests$MetadataReference;)Z" line="350"><counter type="INSTRUCTION" missed="2" covered="7"/><counter type="BRANCH" missed="1" covered="1"/><counter type="LINE" missed="0" covered="1"/><counter type="COMPLEXITY" missed="1" covered="1"/><counter type="METHOD" missed="0" covered="1"/></method><method name="lambda$metadataReferenceScopeAgreement$2" desc="(Lorg/opengis/cite/gpkg12/extensions/metadata/MetadataTests$MetadataReference;)Z" line="349"><counter type="INSTRUCTION" missed="0" covered="9"/><counter type="BRANCH" missed="0" covered="2"/><counter type="LINE" missed="0" covered="1"/><counter type="COMPLEXITY" missed="0" covered="2"/><counter type="METHOD" missed="0" covered="1"/></method><method name="lambda$metadataReferenceScopeAgreement$1" desc="(Lorg/opengis/cite/gpkg12/extensions/metadata/MetadataTests$MetadataReference;)Z" line="325"><counter type="INSTRUCTION" missed="2" covered="5"/><counter type="BRANCH" missed="1" covered="1"/><counter type="LINE" missed="0" covered="1"/><counter type="COMPLEXITY" missed="1" covered="1"/><counter type="METHOD" missed="0" covered="1"/></method><method name="lambda$metadataReferenceScopeAgreement$0" desc="(Lorg/opengis/cite/gpkg12/extensions/metadata/MetadataTests$MetadataReference;)Z" line="324"><counter type="INSTRUCTION" missed="0" covered="5"/><counter type="LINE" missed="0" covered="1"/><counter type="COMPLEXITY" missed="0" covered="1"/><counter type="METHOD" missed="0" covered="1"/></method><counter type="INSTRUCTION" missed="327" covered="964"/><counter type="BRANCH" missed="75" covered="75"/><counter type="LINE" missed="2" covered="141"/><counter type="COMPLEXITY" missed="59" covered="30"/><counter type="METHOD" missed="0" covered="14"/><counter type="CLASS" missed="0" covered="1"/></class><class name="org/opengis/cite/gpkg12/extensions/metadata/MetadataTests$MetadataReference"><method name="&lt;init&gt;" desc="(Ljava/lang/String;Ljava/lang/String;Ljava/lang/String;Ljava/lang/String;ILjava/lang/Integer;Ljava/lang/Integer;)V" line="418"><counter type="INSTRUCTION" missed="0" covered="21"/><counter type="LINE" missed="0" covered="8"/><counter type="COMPLEXITY" missed="0" covered="1"/><counter type="METHOD" missed="0" covered="1"/></method><method name="toString" desc="()Ljava/lang/String;" line="430"><counter type="INSTRUCTION" missed="42" covered="0"/><counter type="LINE" missed="3" covered="0"/><counter type="COMPLEXITY" missed="1" covered="0"/><counter type="METHOD" missed="1" covered="0"/></method><method name="getReferenceScope" desc="()Ljava/lang/String;" line="442"><counter type="INSTRUCTION" missed="0" covered="3"/><counter type="LINE" missed="0" covered="1"/><counter type="COMPLEXITY" missed="0" covered="1"/><counter type="METHOD" missed="0" covered="1"/></method><method name="getTableName" desc="()Ljava/lang/String;" line="447"><counter type="INSTRUCTION" missed="0" covered="3"/><counter type="LINE" missed="0" covered="1"/><counter type="COMPLEXITY" missed="0" covered="1"/><counter type="METHOD" missed="0" covered="1"/></method><method name="getColumnName" desc="()Ljava/lang/String;" line="452"><counter type="INSTRUCTION" missed="0" covered="3"/><counter type="LINE" missed="0" covered="1"/><counter type="COMPLEXITY" missed="0" covered="1"/><counter type="METHOD" missed="0" covered="1"/></method><method name="hasInvalidScope" desc="()Z" line="457"><counter type="INSTRUCTION" missed="2" covered="8"/><counter type="BRANCH" missed="1" covered="1"/><counter type="LINE" missed="0" covered="1"/><counter type="COMPLEXITY" missed="1" covered="1"/><counter type="METHOD" missed="0" covered="1"/></method><method name="&lt;clinit&gt;" desc="()V" line="462"><counter type="INSTRUCTION" missed="0" covered="25"/><counter type="LINE" missed="0" covered="1"/><counter type="COMPLEXITY" missed="0" covered="1"/><counter type="METHOD" missed="0" covered="1"/></method><counter type="INSTRUCTION" missed="44" covered="63"/><counter type="BRANCH" missed="1" covered="1"/><counter type="LINE" missed="3" covered="13"/><counter type="COMPLEXITY" missed="2" covered="6"/><counter type="METHOD" missed="1" covered="6"/><counter type="CLASS" missed="0" covered="1"/></class><sourcefile name="MetadataTests.java"><line nr="45" mi="0" ci="3" mb="0" cb="0"/><line nr="55" mi="0" ci="5" mb="0" cb="0"/><line nr="57" mi="5" ci="6" mb="0" cb="0"/><line nr="59" mi="5" ci="6" mb="0" cb="0"/><line nr="61" mi="0" ci="3" mb="0" cb="2"/><line nr="63" mi="0" ci="12" mb="0" cb="0"/><line nr="64" mi="0" ci="2" mb="0" cb="0"/><line nr="66" mi="25" ci="7" mb="6" cb="2"/><line nr="67" mi="25" ci="7" mb="6" cb="2"/><line nr="69" mi="0" ci="5" mb="0" cb="0"/><line nr="71" mi="5" ci="6" mb="0" cb="0"/><line nr="73" mi="5" ci="6" mb="0" cb="0"/><line nr="75" mi="0" ci="3" mb="0" cb="2"/><line nr="77" mi="0" ci="12" mb="0" cb="0"/><line nr="78" mi="0" ci="3" mb="0" cb="0"/><line nr="79" mi="0" ci="3" mb="0" cb="0"/><line nr="80" mi="0" ci="3" mb="0" cb="0"/><line nr="81" mi="0" ci="3" mb="0" cb="0"/><line nr="82" mi="0" ci="3" mb="0" cb="0"/><line nr="83" mi="0" ci="2" mb="0" cb="0"/><line nr="85" mi="25" ci="7" mb="6" cb="2"/><line nr="86" mi="25" ci="7" mb="6" cb="2"/><line nr="87" mi="0" ci="1" mb="0" cb="0"/><line nr="98" mi="0" ci="4" mb="0" cb="2"/><line nr="99" mi="0" ci="13" mb="0" cb="0"/><line nr="100" mi="0" ci="1" mb="0" cb="0"/><line nr="102" mi="0" ci="12" mb="0" cb="0"/><line nr="103" mi="0" ci="1" mb="0" cb="0"/><line nr="105" mi="0" ci="12" mb="0" cb="0"/><line nr="106" mi="0" ci="1" mb="0" cb="0"/><line nr="108" mi="0" ci="14" mb="0" cb="0"/><line nr="109" mi="0" ci="4" mb="0" cb="0"/><line nr="111" mi="0" ci="4" mb="0" cb="0"/><line nr="113" mi="0" ci="3" mb="0" cb="0"/><line nr="115" mi="0" ci="16" mb="0" cb="2"/><line nr="116" mi="30" ci="34" mb="8" cb="8"/><line nr="118" mi="0" ci="1" mb="0" cb="0"/><line nr="139" mi="0" ci="14" mb="0" cb="0"/><line nr="141" mi="0" ci="4" mb="0" cb="0"/><line nr="143" mi="0" ci="4" mb="0" cb="0"/><line nr="146" mi="0" ci="2" mb="0" cb="0"/><line nr="147" mi="0" ci="2" mb="0" cb="0"/><line nr="149" mi="0" ci="3" mb="0" cb="2"/><line nr="151" mi="0" ci="4" mb="0" cb="0"/><line nr="152" mi="0" ci="4" mb="0" cb="2"/><line nr="153" mi="0" ci="18" mb="0" cb="0"/><line nr="154" mi="1" ci="20" mb="1" cb="1"/><line nr="155" mi="1" ci="19" mb="1" cb="1"/><line nr="156" mi="0" ci="5" mb="0" cb="0"/><line nr="157" mi="0" ci="4" mb="0" cb="2"/><line nr="158" mi="0" ci="18" mb="0" cb="0"/><line nr="159" mi="1" ci="20" mb="1" cb="1"/><line nr="160" mi="0" ci="4" mb="0" cb="0"/><line nr="161" mi="1" ci="21" mb="2" cb="2"/><line nr="162" mi="0" ci="4" mb="0" cb="0"/><line nr="163" mi="0" ci="5" mb="0" cb="2"/><line nr="164" mi="0" ci="18" mb="0" cb="0"/><line nr="165" mi="1" ci="20" mb="1" cb="1"/><line nr="166" mi="0" ci="5" mb="0" cb="0"/><line nr="167" mi="0" ci="4" mb="0" cb="2"/><line nr="168" mi="0" ci="18" mb="0" cb="0"/><line nr="169" mi="1" ci="20" mb="1" cb="1"/><line nr="170" mi="0" ci="5" mb="0" cb="0"/><line nr="171" mi="0" ci="4" mb="0" cb="2"/><line nr="172" mi="0" ci="18" mb="0" cb="0"/><line nr="173" mi="1" ci="20" mb="1" cb="1"/><line nr="174" mi="0" ci="4" mb="0" cb="0"/><line nr="176" mi="0" ci="1" mb="0" cb="0"/><line nr="177" mi="0" ci="21" mb="0" cb="2"/><line nr="178" mi="30" ci="34" mb="8" cb="8"/><line nr="179" mi="0" ci="1" mb="0" cb="0"/><line nr="193" mi="0" ci="4" mb="0" cb="0"/><line nr="194" mi="0" ci="2" mb="0" cb="0"/><line nr="195" mi="0" ci="1" mb="0" cb="0"/><line nr="196" mi="0" ci="4" mb="0" cb="0"/><line nr="198" mi="0" ci="10" mb="0" cb="0"/><line nr="199" mi="0" ci="1" mb="0" cb="0"/><line nr="200" mi="0" ci="2" mb="0" cb="0"/><line nr="201" mi="0" ci="1" mb="0" cb="0"/><line nr="220" mi="0" ci="4" mb="0" cb="0"/><line nr="222" mi="0" ci="12" mb="0" cb="0"/><line nr="223" mi="0" ci="12" mb="0" cb="0"/><line nr="224" mi="0" ci="12" mb="0" cb="0"/><line nr="225" mi="0" ci="12" mb="0" cb="0"/><line nr="226" mi="0" ci="12" mb="0" cb="0"/><line nr="227" mi="0" ci="12" mb="0" cb="0"/><line nr="228" mi="0" ci="12" mb="0" cb="0"/><line nr="232" mi="0" ci="27" mb="0" cb="0"/><line nr="235" mi="0" ci="2" mb="0" cb="0"/><line nr="237" mi="0" ci="1" mb="0" cb="0"/><line nr="239" mi="1" ci="0" mb="0" cb="0"/><line nr="241" mi="14" ci="0" mb="0" cb="0"/><line nr="242" mi="0" ci="1" mb="0" cb="0"/><line nr="243" mi="0" ci="1" mb="0" cb="0"/><line nr="261" mi="0" ci="8" mb="0" cb="4"/><line nr="262" mi="0" ci="1" mb="0" cb="0"/><line nr="265" mi="10" ci="4" mb="0" cb="0"/><line nr="267" mi="0" ci="4" mb="0" cb="0"/><line nr="269" mi="0" ci="4" mb="0" cb="0"/><line nr="272" mi="0" ci="3" mb="0" cb="2"/><line nr="274" mi="0" ci="4" mb="0" cb="0"/><line nr="276" mi="0" ci="12" mb="0" cb="0"/><line nr="277" mi="0" ci="1" mb="0" cb="0"/><line nr="278" mi="50" ci="14" mb="12" cb="4"/><line nr="279" mi="0" ci="1" mb="0" cb="0"/><line nr="293" mi="0" ci="2" mb="0" cb="0"/><line nr="294" mi="0" ci="2" mb="0" cb="0"/><line nr="295" mi="0" ci="2" mb="0" cb="0"/><line nr="296" mi="0" ci="1" mb="0" cb="0"/><line nr="297" mi="0" ci="4" mb="0" cb="0"/><line nr="299" mi="0" ci="10" mb="0" cb="0"/><line nr="300" mi="0" ci="1" mb="0" cb="0"/><line nr="301" mi="0" ci="2" mb="0" cb="0"/><line nr="302" mi="0" ci="1" mb="0" cb="0"/><line nr="322" mi="0" ci="2" mb="0" cb="0"/><line nr="323" mi="0" ci="2" mb="0" cb="0"/><line nr="324" mi="0" ci="7" mb="0" cb="0"/><line nr="325" mi="2" ci="6" mb="1" cb="1"/><line nr="326" mi="0" ci="4" mb="0" cb="0"/><line nr="328" mi="0" ci="9" mb="0" cb="0"/><line nr="329" mi="0" ci="1" mb="0" cb="0"/><line nr="330" mi="0" ci="2" mb="0" cb="0"/><line nr="331" mi="0" ci="2" mb="0" cb="0"/><line nr="332" mi="0" ci="3" mb="0" cb="0"/><line nr="334" mi="0" ci="4" mb="0" cb="0"/><line nr="337" mi="10" ci="8" mb="0" cb="0"/><line nr="338" mi="0" ci="4" mb="0" cb="0"/><line nr="340" mi="0" ci="3" mb="0" cb="2"/><line nr="342" mi="0" ci="7" mb="0" cb="0"/><line nr="344" mi="50" ci="14" mb="12" cb="4"/><line nr="347" mi="0" ci="2" mb="0" cb="0"/><line nr="348" mi="0" ci="2" mb="0" cb="0"/><line nr="349" mi="0" ci="12" mb="0" cb="2"/><line nr="350" mi="2" ci="8" mb="1" cb="1"/><line nr="351" mi="0" ci="4" mb="0" cb="0"/><line nr="353" mi="0" ci="9" mb="0" cb="0"/><line nr="354" mi="0" ci="1" mb="0" cb="0"/><line nr="355" mi="0" ci="2" mb="0" cb="0"/><line nr="356" mi="0" ci="2" mb="0" cb="0"/><line nr="357" mi="0" ci="3" mb="0" cb="0"/><line nr="358" mi="0" ci="1" mb="0" cb="0"/><line nr="362" mi="0" ci="5" mb="0" cb="0"/><line nr="364" mi="1" ci="6" mb="1" cb="1"/><line nr="372" mi="0" ci="2" mb="0" cb="0"/><line nr="373" mi="0" ci="3" mb="0" cb="0"/><line nr="374" mi="0" ci="1" mb="0" cb="0"/><line nr="378" mi="3" ci="0" mb="0" cb="0"/><line nr="383" mi="2" ci="8" mb="1" cb="1"/><line nr="388" mi="0" ci="81" mb="0" cb="0"/><line nr="418" mi="0" ci="2" mb="0" cb="0"/><line nr="419" mi="0" ci="3" mb="0" cb="0"/><line nr="420" mi="0" ci="3" mb="0" cb="0"/><line nr="421" mi="0" ci="3" mb="0" cb="0"/><line nr="422" mi="0" ci="3" mb="0" cb="0"/><line nr="423" mi="0" ci="3" mb="0" cb="0"/><line nr="424" mi="0" ci="3" mb="0" cb="0"/><line nr="425" mi="0" ci="1" mb="0" cb="0"/><line nr="430" mi="29" ci="0" mb="0" cb="0"/><line nr="435" mi="11" ci="0" mb="0" cb="0"/><line nr="437" mi="2" ci="0" mb="0" cb="0"/><line nr="442" mi="0" ci="3" mb="0" cb="0"/><line nr="447" mi="0" ci="3" mb="0" cb="0"/><line nr="452" mi="0" ci="3" mb="0" cb="0"/><line nr="457" mi="2" ci="8" mb="1" cb="1"/><line nr="462" mi="0" ci="25" mb="0" cb="0"/><counter type="INSTRUCTION" missed="376" covered="1122"/><counter type="BRANCH" missed="77" covered="77"/><counter type="LINE" missed="6" covered="159"/><counter type="COMPLEXITY" missed="63" covered="39"/><counter type="METHOD" missed="2" covered="23"/><counter type="CLASS" missed="0" covered="3"/></sourcefile><counter type="INSTRUCTION" missed="376" covered="1122"/><counter type="BRANCH" missed="77" covered="77"/><counter type="LINE" missed="6" covered="159"/><counter type="COMPLEXITY" missed="63" covered="39"/><counter type="METHOD" missed="2" covered="23"/><counter type="CLASS" missed="0" covered="3"/></package><package name="org/opengis/cite/gpkg12/extensions/webp"><class name="org/opengis/cite/gpkg12/extensions/webp/WebPTests"><method name="&lt;init&gt;" desc="()V" line="44"><counter type="INSTRUCTION" missed="0" covered="6"/><counter type="LINE" missed="0" covered="2"/><counter type="COMPLEXITY" missed="0" covered="1"/><counter type="METHOD" missed="0" covered="1"/></method><method name="a_ValidateExtensionPresent" desc="(Lorg/testng/ITestContext;)V" line="61"><counter type="INSTRUCTION" missed="30" covered="92"/><counter type="BRANCH" missed="8" covered="10"/><counter type="LINE" missed="0" covered="10"/><counter type="COMPLEXITY" missed="8" covered="2"/><counter type="METHOD" missed="0" covered="1"/></method><method name="setUp" desc="()V" line="82"><counter type="INSTRUCTION" missed="61" covered="41"/><counter type="BRANCH" missed="13" covered="7"/><counter type="LINE" missed="1" covered="8"/><counter type="COMPLEXITY" missed="9" covered="2"/><counter type="METHOD" missed="0" covered="1"/></method><method name="coverageAncillaryTableDefinition" desc="()V" line="115"><counter type="INSTRUCTION" missed="60" covered="123"/><counter type="BRANCH" missed="12" covered="6"/><counter type="LINE" missed="0" covered="14"/><counter type="COMPLEXITY" missed="8" covered="2"/><counter type="METHOD" missed="0" covered="1"/></method><method name="imageFormat" desc="()V" line="161"><counter type="INSTRUCTION" missed="0" covered="1"/><counter type="LINE" missed="0" covered="1"/><counter type="COMPLEXITY" missed="0" covered="1"/><counter type="METHOD" missed="0" covered="1"/></method><method name="isAcceptedImageFormat" desc="([B)Z" line="175"><counter type="INSTRUCTION" missed="70" covered="0"/><counter type="BRANCH" missed="16" covered="0"/><counter type="LINE" missed="6" covered="0"/><counter type="COMPLEXITY" missed="9" covered="0"/><counter type="METHOD" missed="1" covered="0"/></method><method name="&lt;clinit&gt;" desc="()V" line="166"><counter type="INSTRUCTION" missed="0" covered="12"/><counter type="LINE" missed="0" covered="3"/><counter type="COMPLEXITY" missed="0" covered="1"/><counter type="METHOD" missed="0" covered="1"/></method><counter type="INSTRUCTION" missed="221" covered="275"/><counter type="BRANCH" missed="49" covered="23"/><counter type="LINE" missed="7" covered="38"/><counter type="COMPLEXITY" missed="34" covered="9"/><counter type="METHOD" missed="1" covered="6"/><counter type="CLASS" missed="0" covered="1"/></class><sourcefile name="WebPTests.java"><line nr="44" mi="0" ci="2" mb="0" cb="0"/><line nr="61" mi="0" ci="12" mb="0" cb="0"/><line nr="62" mi="0" ci="1" mb="0" cb="0"/><line nr="64" mi="0" ci="14" mb="0" cb="0"/><line nr="65" mi="0" ci="4" mb="0" cb="0"/><line nr="66" mi="0" ci="4" mb="0" cb="0"/><line nr="68" mi="0" ci="3" mb="0" cb="0"/><line nr="69" mi="0" ci="16" mb="0" cb="2"/><line nr="70" mi="30" ci="34" mb="8" cb="8"/><line nr="71" mi="0" ci="3" mb="0" cb="0"/><line nr="72" mi="0" ci="1" mb="0" cb="0"/><line nr="82" mi="0" ci="3" mb="1" cb="1"/><line nr="83" mi="1" ci="0" mb="0" cb="0"/><line nr="86" mi="10" ci="4" mb="0" cb="0"/><line nr="87" mi="0" ci="4" mb="0" cb="0"/><line nr="88" mi="0" ci="4" mb="0" cb="0"/><line nr="90" mi="0" ci="3" mb="0" cb="2"/><line nr="91" mi="0" ci="8" mb="0" cb="0"/><line nr="93" mi="50" ci="14" mb="12" cb="4"/><line nr="94" mi="0" ci="1" mb="0" cb="0"/><line nr="115" mi="10" ci="4" mb="0" cb="0"/><line nr="117" mi="0" ci="4" mb="0" cb="0"/><line nr="119" mi="0" ci="4" mb="0" cb="0"/><line nr="122" mi="0" ci="3" mb="0" cb="2"/><line nr="124" mi="0" ci="4" mb="0" cb="0"/><line nr="125" mi="0" ci="4" mb="0" cb="0"/><line nr="126" mi="0" ci="4" mb="0" cb="0"/><line nr="127" mi="0" ci="39" mb="0" cb="0"/><line nr="128" mi="0" ci="1" mb="0" cb="0"/><line nr="129" mi="0" ci="39" mb="0" cb="0"/><line nr="130" mi="0" ci="1" mb="0" cb="0"/><line nr="131" mi="0" ci="1" mb="0" cb="0"/><line nr="132" mi="50" ci="14" mb="12" cb="4"/><line nr="133" mi="0" ci="1" mb="0" cb="0"/><line nr="161" mi="0" ci="1" mb="0" cb="0"/><line nr="166" mi="0" ci="7" mb="0" cb="0"/><line nr="169" mi="0" ci="4" mb="0" cb="0"/><line nr="171" mi="0" ci="1" mb="0" cb="0"/><line nr="175" mi="2" ci="0" mb="2" cb="0"/><line nr="177" mi="2" ci="0" mb="0" cb="0"/><line nr="180" mi="5" ci="0" mb="0" cb="0"/><line nr="181" mi="12" ci="0" mb="0" cb="0"/><line nr="182" mi="18" ci="0" mb="6" cb="0"/><line nr="183" mi="31" ci="0" mb="8" cb="0"/><line nr="186" mi="0" ci="4" mb="0" cb="0"/><counter type="INSTRUCTION" missed="221" covered="275"/><counter type="BRANCH" missed="49" covered="23"/><counter type="LINE" missed="7" covered="38"/><counter type="COMPLEXITY" missed="34" covered="9"/><counter type="METHOD" missed="1" covered="6"/><counter type="CLASS" missed="0" covered="1"/></sourcefile><counter type="INSTRUCTION" missed="221" covered="275"/><counter type="BRANCH" missed="49" covered="23"/><counter type="LINE" missed="7" covered="38"/><counter type="COMPLEXITY" missed="34" covered="9"/><counter type="METHOD" missed="1" covered="6"/><counter type="CLASS" missed="0" covered="1"/></package><package name="org/opengis/cite/gpkg12/extensions/schema"><class name="org/opengis/cite/gpkg12/extensions/schema/SchemaTests"><method name="&lt;init&gt;" desc="()V" line="34"><counter type="INSTRUCTION" missed="0" covered="3"/><counter type="LINE" missed="0" covered="1"/><counter type="COMPLEXITY" missed="0" covered="1"/><counter type="METHOD" missed="0" covered="1"/></method><method name="activeExtension" desc="(Lorg/testng/ITestContext;)V" line="39"><counter type="INSTRUCTION" missed="30" covered="119"/><counter type="BRANCH" missed="8" covered="12"/><counter type="LINE" missed="0" covered="16"/><counter type="COMPLEXITY" missed="8" covered="3"/><counter type="METHOD" missed="0" covered="1"/></method><method name="dataColumnsTableDefinition" desc="()V" line="77"><counter type="INSTRUCTION" missed="70" covered="420"/><counter type="BRANCH" missed="23" covered="29"/><counter type="LINE" missed="0" covered="41"/><counter type="COMPLEXITY" missed="19" covered="8"/><counter type="METHOD" missed="0" covered="1"/></method><method name="dataColumnsTableName" desc="()V" line="144"><counter type="INSTRUCTION" missed="61" covered="56"/><counter type="BRANCH" missed="13" covered="7"/><counter type="LINE" missed="0" covered="10"/><counter type="COMPLEXITY" missed="9" covered="2"/><counter type="METHOD" missed="0" covered="1"/></method><method name="dataColumnsColumnName" desc="()V" line="176"><counter type="INSTRUCTION" missed="62" covered="114"/><counter type="BRANCH" missed="12" covered="14"/><counter type="LINE" missed="1" covered="13"/><counter type="COMPLEXITY" missed="12" covered="2"/><counter type="METHOD" missed="0" covered="1"/></method><method name="dataColumnConstraintsTableDefinition" desc="()V" line="213"><counter type="INSTRUCTION" missed="54" covered="477"/><counter type="BRANCH" missed="20" covered="32"/><counter type="LINE" missed="0" covered="43"/><counter type="COMPLEXITY" missed="18" covered="9"/><counter type="METHOD" missed="0" covered="1"/></method><method name="dataColumnConstraintsType" desc="()V" line="282"><counter type="INSTRUCTION" missed="70" covered="45"/><counter type="BRANCH" missed="11" covered="7"/><counter type="LINE" missed="4" covered="6"/><counter type="COMPLEXITY" missed="9" covered="1"/><counter type="METHOD" missed="0" covered="1"/></method><method name="dataColumnConstraintsName" desc="()V" line="312"><counter type="INSTRUCTION" missed="168" covered="45"/><counter type="BRANCH" missed="29" covered="7"/><counter type="LINE" missed="8" covered="6"/><counter type="COMPLEXITY" missed="18" covered="1"/><counter type="METHOD" missed="0" covered="1"/></method><method name="dataColumnConstraintsValue" desc="()V" line="349"><counter type="INSTRUCTION" missed="68" covered="45"/><counter type="BRANCH" missed="13" covered="7"/><counter type="LINE" missed="5" covered="6"/><counter type="COMPLEXITY" missed="10" covered="1"/><counter type="METHOD" missed="0" covered="1"/></method><method name="dataColumnConstraintsMinMax" desc="()V" line="382"><counter type="INSTRUCTION" missed="104" covered="45"/><counter type="BRANCH" missed="17" covered="7"/><counter type="LINE" missed="7" covered="6"/><counter type="COMPLEXITY" missed="12" covered="1"/><counter type="METHOD" missed="0" covered="1"/></method><method name="dataColumnConstraintsInclusive" desc="()V" line="417"><counter type="INSTRUCTION" missed="90" covered="58"/><counter type="BRANCH" missed="15" covered="7"/><counter type="LINE" missed="6" covered="6"/><counter type="COMPLEXITY" missed="11" covered="1"/><counter type="METHOD" missed="0" covered="1"/></method><method name="dataColumnConstraintsGlobMinMax" desc="()V" line="449"><counter type="INSTRUCTION" missed="112" covered="58"/><counter type="BRANCH" missed="11" covered="7"/><counter type="LINE" missed="14" covered="6"/><counter type="COMPLEXITY" missed="9" covered="1"/><counter type="METHOD" missed="0" covered="1"/></method><method name="dataColumnConstraintsGlobValue" desc="()V" line="491"><counter type="INSTRUCTION" missed="73" covered="45"/><counter type="BRANCH" missed="13" covered="7"/><counter type="LINE" missed="5" covered="6"/><counter type="COMPLEXITY" missed="10" covered="1"/><counter type="METHOD" missed="0" covered="1"/></method><method name="&lt;clinit&gt;" desc="()V" line="508"><counter type="INSTRUCTION" missed="0" covered="17"/><counter type="LINE" missed="0" covered="1"/><counter type="COMPLEXITY" missed="0" covered="1"/><counter type="METHOD" missed="0" covered="1"/></method><counter type="INSTRUCTION" missed="962" covered="1547"/><counter type="BRANCH" missed="185" covered="143"/><counter type="LINE" missed="50" covered="167"/><counter type="COMPLEXITY" missed="145" covered="33"/><counter type="METHOD" missed="0" covered="14"/><counter type="CLASS" missed="0" covered="1"/></class><sourcefile name="SchemaTests.java"><line nr="34" mi="0" ci="3" mb="0" cb="0"/><line nr="39" mi="0" ci="4" mb="0" cb="2"/><line nr="40" mi="0" ci="12" mb="0" cb="0"/><line nr="41" mi="0" ci="1" mb="0" cb="0"/><line nr="42" mi="0" ci="3" mb="0" cb="0"/><line nr="43" mi="0" ci="4" mb="0" cb="0"/><line nr="45" mi="0" ci="12" mb="0" cb="0"/><line nr="46" mi="0" ci="1" mb="0" cb="0"/><line nr="48" mi="0" ci="14" mb="0" cb="0"/><line nr="49" mi="0" ci="4" mb="0" cb="0"/><line nr="51" mi="0" ci="4" mb="0" cb="0"/><line nr="53" mi="0" ci="3" mb="0" cb="0"/><line nr="55" mi="0" ci="16" mb="0" cb="2"/><line nr="56" mi="30" ci="34" mb="8" cb="8"/><line nr="57" mi="0" ci="3" mb="0" cb="0"/><line nr="58" mi="0" ci="3" mb="0" cb="0"/><line nr="60" mi="0" ci="1" mb="0" cb="0"/><line nr="77" mi="10" ci="4" mb="0" cb="0"/><line nr="79" mi="0" ci="4" mb="0" cb="0"/><line nr="81" mi="0" ci="4" mb="0" cb="0"/><line nr="84" mi="0" ci="2" mb="0" cb="0"/><line nr="85" mi="0" ci="2" mb="0" cb="0"/><line nr="87" mi="0" ci="3" mb="0" cb="2"/><line nr="89" mi="0" ci="4" mb="0" cb="0"/><line nr="90" mi="0" ci="4" mb="0" cb="2"/><line nr="91" mi="0" ci="18" mb="0" cb="0"/><line nr="92" mi="1" ci="20" mb="1" cb="1"/><line nr="93" mi="1" ci="19" mb="1" cb="1"/><line nr="94" mi="0" ci="5" mb="0" cb="0"/><line nr="95" mi="0" ci="4" mb="0" cb="2"/><line nr="96" mi="0" ci="18" mb="0" cb="0"/><line nr="97" mi="1" ci="20" mb="1" cb="1"/><line nr="98" mi="1" ci="19" mb="1" cb="1"/><line nr="99" mi="0" ci="5" mb="0" cb="0"/><line nr="100" mi="0" ci="4" mb="0" cb="2"/><line nr="101" mi="0" ci="18" mb="0" cb="0"/><line nr="104" mi="1" ci="19" mb="1" cb="1"/><line nr="107" mi="0" ci="5" mb="0" cb="0"/><line nr="108" mi="0" ci="4" mb="0" cb="2"/><line nr="109" mi="0" ci="18" mb="0" cb="0"/><line nr="110" mi="1" ci="19" mb="1" cb="1"/><line nr="111" mi="0" ci="5" mb="0" cb="0"/><line nr="112" mi="0" ci="4" mb="0" cb="2"/><line nr="113" mi="0" ci="18" mb="0" cb="0"/><line nr="114" mi="1" ci="19" mb="1" cb="1"/><line nr="115" mi="0" ci="5" mb="0" cb="0"/><line nr="116" mi="0" ci="4" mb="0" cb="2"/><line nr="117" mi="0" ci="18" mb="0" cb="0"/><line nr="118" mi="1" ci="19" mb="1" cb="1"/><line nr="119" mi="0" ci="5" mb="0" cb="0"/><line nr="120" mi="0" ci="4" mb="1" cb="1"/><line nr="121" mi="0" ci="18" mb="0" cb="0"/><line nr="122" mi="1" ci="19" mb="1" cb="1"/><line nr="123" mi="0" ci="4" mb="0" cb="0"/><line nr="125" mi="0" ci="1" mb="0" cb="0"/><line nr="126" mi="1" ci="20" mb="1" cb="1"/><line nr="127" mi="50" ci="14" mb="12" cb="4"/><line nr="128" mi="0" ci="1" mb="0" cb="0"/><line nr="144" mi="10" ci="4" mb="0" cb="0"/><line nr="146" mi="0" ci="4" mb="0" cb="0"/><line nr="148" mi="0" ci="4" mb="0" cb="0"/><line nr="151" mi="0" ci="3" mb="0" cb="2"/><line nr="153" mi="0" ci="4" mb="0" cb="0"/><line nr="154" mi="0" ci="4" mb="0" cb="0"/><line nr="157" mi="1" ci="17" mb="1" cb="1"/><line nr="158" mi="0" ci="1" mb="0" cb="0"/><line nr="159" mi="50" ci="14" mb="12" cb="4"/><line nr="160" mi="0" ci="1" mb="0" cb="0"/><line nr="176" mi="0" ci="14" mb="0" cb="0"/><line nr="178" mi="0" ci="4" mb="0" cb="0"/><line nr="180" mi="0" ci="4" mb="0" cb="0"/><line nr="183" mi="0" ci="3" mb="0" cb="2"/><line nr="184" mi="0" ci="4" mb="0" cb="0"/><line nr="185" mi="0" ci="4" mb="0" cb="0"/><line nr="188" mi="0" ci="11" mb="0" cb="0"/><line nr="190" mi="0" ci="15" mb="0" cb="0"/><line nr="191" mi="15" ci="18" mb="4" cb="4"/><line nr="192" mi="17" ci="0" mb="0" cb="0"/><line nr="193" mi="0" ci="1" mb="0" cb="0"/><line nr="194" mi="0" ci="1" mb="0" cb="0"/><line nr="195" mi="30" ci="34" mb="8" cb="8"/><line nr="196" mi="0" ci="1" mb="0" cb="0"/><line nr="213" mi="5" ci="9" mb="0" cb="0"/><line nr="215" mi="0" ci="4" mb="0" cb="0"/><line nr="217" mi="0" ci="4" mb="0" cb="0"/><line nr="220" mi="0" ci="2" mb="0" cb="0"/><line nr="221" mi="0" ci="2" mb="0" cb="0"/><line nr="223" mi="0" ci="3" mb="0" cb="2"/><line nr="225" mi="0" ci="4" mb="0" cb="0"/><line nr="226" mi="0" ci="4" mb="0" cb="2"/><line nr="227" mi="0" ci="18" mb="0" cb="0"/><line nr="228" mi="1" ci="20" mb="1" cb="1"/><line nr="229" mi="0" ci="5" mb="0" cb="0"/><line nr="230" mi="0" ci="4" mb="0" cb="2"/><line nr="231" mi="0" ci="18" mb="0" cb="0"/><line nr="232" mi="1" ci="20" mb="1" cb="1"/><line nr="233" mi="0" ci="5" mb="0" cb="0"/><line nr="234" mi="0" ci="4" mb="0" cb="2"/><line nr="235" mi="0" ci="18" mb="0" cb="0"/><line nr="238" mi="1" ci="19" mb="1" cb="1"/><line nr="241" mi="0" ci="5" mb="0" cb="0"/><line nr="242" mi="0" ci="4" mb="0" cb="2"/><line nr="243" mi="0" ci="18" mb="0" cb="0"/><line nr="244" mi="1" ci="19" mb="1" cb="1"/><line nr="245" mi="0" ci="5" mb="0" cb="0"/><line nr="246" mi="0" ci="5" mb="0" cb="2"/><line nr="247" mi="0" ci="26" mb="0" cb="0"/><line nr="248" mi="1" ci="27" mb="1" cb="1"/><line nr="249" mi="0" ci="5" mb="0" cb="0"/><line nr="250" mi="0" ci="4" mb="0" cb="2"/><line nr="251" mi="0" ci="18" mb="0" cb="0"/><line nr="252" mi="1" ci="19" mb="1" cb="1"/><line nr="253" mi="0" ci="5" mb="0" cb="0"/><line nr="254" mi="0" ci="5" mb="0" cb="2"/><line nr="255" mi="0" ci="26" mb="0" cb="0"/><line nr="256" mi="1" ci="27" mb="1" cb="1"/><line nr="257" mi="0" ci="5" mb="0" cb="0"/><line nr="258" mi="0" ci="4" mb="1" cb="1"/><line nr="259" mi="0" ci="18" mb="0" cb="0"/><line nr="260" mi="1" ci="19" mb="1" cb="1"/><line nr="261" mi="0" ci="4" mb="0" cb="0"/><line nr="263" mi="0" ci="1" mb="0" cb="0"/><line nr="264" mi="1" ci="20" mb="1" cb="1"/><line nr="265" mi="40" ci="24" mb="10" cb="6"/><line nr="266" mi="0" ci="1" mb="0" cb="0"/><line nr="282" mi="5" ci="9" mb="0" cb="0"/><line nr="284" mi="0" ci="4" mb="0" cb="0"/><line nr="286" mi="0" ci="4" mb="0" cb="0"/><line nr="289" mi="0" ci="3" mb="1" cb="1"/><line nr="291" mi="4" ci="0" mb="0" cb="0"/><line nr="293" mi="19" ci="0" mb="0" cb="0"/><line nr="294" mi="1" ci="0" mb="0" cb="0"/><line nr="295" mi="1" ci="0" mb="0" cb="0"/><line nr="296" mi="40" ci="24" mb="10" cb="6"/><line nr="297" mi="0" ci="1" mb="0" cb="0"/><line nr="312" mi="5" ci="9" mb="0" cb="0"/><line nr="314" mi="0" ci="4" mb="0" cb="0"/><line nr="316" mi="0" ci="4" mb="0" cb="0"/><line nr="319" mi="0" ci="3" mb="1" cb="1"/><line nr="321" mi="4" ci="0" mb="0" cb="0"/><line nr="323" mi="14" ci="0" mb="0" cb="0"/><line nr="324" mi="4" ci="0" mb="0" cb="0"/><line nr="326" mi="11" ci="0" mb="0" cb="0"/><line nr="328" mi="24" ci="0" mb="2" cb="0"/><line nr="329" mi="1" ci="0" mb="0" cb="0"/><line nr="330" mi="64" ci="0" mb="16" cb="0"/><line nr="331" mi="1" ci="0" mb="0" cb="0"/><line nr="332" mi="40" ci="24" mb="10" cb="6"/><line nr="333" mi="0" ci="1" mb="0" cb="0"/><line nr="349" mi="5" ci="9" mb="0" cb="0"/><line nr="351" mi="0" ci="4" mb="0" cb="0"/><line nr="353" mi="0" ci="4" mb="0" cb="0"/><line nr="356" mi="0" ci="3" mb="1" cb="1"/><line nr="358" mi="4" ci="0" mb="0" cb="0"/><line nr="359" mi="4" ci="0" mb="0" cb="0"/><line nr="361" mi="13" ci="0" mb="2" cb="0"/><line nr="362" mi="1" ci="0" mb="0" cb="0"/><line nr="363" mi="1" ci="0" mb="0" cb="0"/><line nr="364" mi="40" ci="24" mb="10" cb="6"/><line nr="365" mi="0" ci="1" mb="0" cb="0"/><line nr="382" mi="5" ci="9" mb="0" cb="0"/><line nr="384" mi="0" ci="4" mb="0" cb="0"/><line nr="386" mi="0" ci="4" mb="0" cb="0"/><line nr="389" mi="0" ci="3" mb="1" cb="1"/><line nr="390" mi="4" ci="0" mb="0" cb="0"/><line nr="392" mi="4" ci="0" mb="0" cb="0"/><line nr="393" mi="15" ci="0" mb="2" cb="0"/><line nr="395" mi="4" ci="0" mb="0" cb="0"/><line nr="396" mi="15" ci="0" mb="2" cb="0"/><line nr="398" mi="16" ci="0" mb="2" cb="0"/><line nr="399" mi="1" ci="0" mb="0" cb="0"/><line nr="400" mi="40" ci="24" mb="10" cb="6"/><line nr="401" mi="0" ci="1" mb="0" cb="0"/><line nr="417" mi="5" ci="9" mb="0" cb="0"/><line nr="419" mi="0" ci="4" mb="0" cb="0"/><line nr="421" mi="0" ci="17" mb="0" cb="0"/><line nr="424" mi="0" ci="3" mb="1" cb="1"/><line nr="425" mi="4" ci="0" mb="0" cb="0"/><line nr="427" mi="5" ci="0" mb="0" cb="0"/><line nr="428" mi="15" ci="0" mb="2" cb="0"/><line nr="429" mi="5" ci="0" mb="0" cb="0"/><line nr="430" mi="15" ci="0" mb="2" cb="0"/><line nr="431" mi="1" ci="0" mb="0" cb="0"/><line nr="432" mi="40" ci="24" mb="10" cb="6"/><line nr="433" mi="0" ci="1" mb="0" cb="0"/><line nr="449" mi="5" ci="9" mb="0" cb="0"/><line nr="451" mi="0" ci="4" mb="0" cb="0"/><line nr="453" mi="0" ci="17" mb="0" cb="0"/><line nr="456" mi="0" ci="3" mb="1" cb="1"/><line nr="457" mi="4" ci="0" mb="0" cb="0"/><line nr="459" mi="4" ci="0" mb="0" cb="0"/><line nr="460" mi="10" ci="0" mb="0" cb="0"/><line nr="461" mi="1" ci="0" mb="0" cb="0"/><line nr="463" mi="4" ci="0" mb="0" cb="0"/><line nr="464" mi="10" ci="0" mb="0" cb="0"/><line nr="465" mi="1" ci="0" mb="0" cb="0"/><line nr="467" mi="5" ci="0" mb="0" cb="0"/><line nr="468" mi="10" ci="0" mb="0" cb="0"/><line nr="469" mi="1" ci="0" mb="0" cb="0"/><line nr="471" mi="5" ci="0" mb="0" cb="0"/><line nr="472" mi="10" ci="0" mb="0" cb="0"/><line nr="473" mi="1" ci="0" mb="0" cb="0"/><line nr="474" mi="1" ci="0" mb="0" cb="0"/><line nr="475" mi="40" ci="24" mb="10" cb="6"/><line nr="476" mi="0" ci="1" mb="0" cb="0"/><line nr="491" mi="5" ci="9" mb="0" cb="0"/><line nr="493" mi="0" ci="4" mb="0" cb="0"/><line nr="495" mi="0" ci="4" mb="0" cb="0"/><line nr="498" mi="0" ci="3" mb="1" cb="1"/><line nr="500" mi="4" ci="0" mb="0" cb="0"/><line nr="501" mi="4" ci="0" mb="0" cb="0"/><line nr="503" mi="18" ci="0" mb="2" cb="0"/><line nr="504" mi="1" ci="0" mb="0" cb="0"/><line nr="505" mi="1" ci="0" mb="0" cb="0"/><line nr="506" mi="40" ci="24" mb="10" cb="6"/><line nr="507" mi="0" ci="1" mb="0" cb="0"/><line nr="508" mi="0" ci="17" mb="0" cb="0"/><counter type="INSTRUCTION" missed="962" covered="1547"/><counter type="BRANCH" missed="185" covered="143"/><counter type="LINE" missed="50" covered="167"/><counter type="COMPLEXITY" missed="145" covered="33"/><counter type="METHOD" missed="0" covered="14"/><counter type="CLASS" missed="0" covered="1"/></sourcefile><counter type="INSTRUCTION" missed="962" covered="1547"/><counter type="BRANCH" missed="185" covered="143"/><counter type="LINE" missed="50" covered="167"/><counter type="COMPLEXITY" missed="145" covered="33"/><counter type="METHOD" missed="0" covered="14"/><counter type="CLASS" missed="0" covered="1"/></package><package name="org/opengis/cite/gpkg12/extensions/rtreeindex"><class name="org/opengis/cite/gpkg12/extensions/rtreeindex/RTreeIndexTests"><method name="&lt;init&gt;" desc="()V" line="31"><counter type="INSTRUCTION" missed="0" covered="3"/><counter type="LINE" missed="0" covered="1"/><counter type="COMPLEXITY" missed="0" covered="1"/><counter type="METHOD" missed="0" covered="1"/></method><method name="validateExtensionPresent" desc="(Lorg/testng/ITestContext;)V" line="47"><counter type="INSTRUCTION" missed="30" covered="89"/><counter type="BRANCH" missed="8" covered="10"/><counter type="LINE" missed="0" covered="9"/><counter type="COMPLEXITY" missed="8" covered="2"/><counter type="METHOD" missed="0" covered="1"/></method><method name="setUp" desc="()V" line="67"><counter type="INSTRUCTION" missed="0" covered="1"/><counter type="LINE" missed="0" covered="1"/><counter type="COMPLEXITY" missed="0" covered="1"/><counter type="METHOD" missed="0" covered="1"/></method><method name="extensionsTableRows" desc="()V" line="87"><counter type="INSTRUCTION" missed="61" covered="75"/><counter type="BRANCH" missed="13" covered="7"/><counter type="LINE" missed="0" covered="11"/><counter type="COMPLEXITY" missed="9" covered="2"/><counter type="METHOD" missed="0" covered="1"/></method><method name="extensionIndexImplementation" desc="()V" line="121"><counter type="INSTRUCTION" missed="357" covered="468"/><counter type="BRANCH" missed="55" covered="49"/><counter type="LINE" missed="7" covered="61"/><counter type="COMPLEXITY" missed="47" covered="6"/><counter type="METHOD" missed="0" covered="1"/></method><counter type="INSTRUCTION" missed="448" covered="636"/><counter type="BRANCH" missed="76" covered="66"/><counter type="LINE" missed="7" covered="83"/><counter type="COMPLEXITY" missed="64" covered="12"/><counter type="METHOD" missed="0" covered="5"/><counter type="CLASS" missed="0" covered="1"/></class><sourcefile name="RTreeIndexTests.java"><line nr="31" mi="0" ci="3" mb="0" cb="0"/><line nr="47" mi="0" ci="12" mb="0" cb="0"/><line nr="48" mi="0" ci="1" mb="0" cb="0"/><line nr="50" mi="0" ci="14" mb="0" cb="0"/><line nr="51" mi="0" ci="4" mb="0" cb="0"/><line nr="52" mi="0" ci="4" mb="0" cb="0"/><line nr="54" mi="0" ci="3" mb="0" cb="0"/><line nr="55" mi="0" ci="16" mb="0" cb="2"/><line nr="56" mi="30" ci="34" mb="8" cb="8"/><line nr="57" mi="0" ci="1" mb="0" cb="0"/><line nr="67" mi="0" ci="1" mb="0" cb="0"/><line nr="87" mi="10" ci="4" mb="0" cb="0"/><line nr="88" mi="0" ci="4" mb="0" cb="0"/><line nr="89" mi="0" ci="4" mb="0" cb="0"/><line nr="91" mi="0" ci="3" mb="0" cb="2"/><line nr="92" mi="0" ci="4" mb="0" cb="0"/><line nr="93" mi="1" ci="13" mb="1" cb="1"/><line nr="94" mi="0" ci="9" mb="0" cb="0"/><line nr="95" mi="0" ci="18" mb="0" cb="0"/><line nr="96" mi="0" ci="1" mb="0" cb="0"/><line nr="98" mi="50" ci="14" mb="12" cb="4"/><line nr="99" mi="0" ci="1" mb="0" cb="0"/><line nr="121" mi="0" ci="14" mb="0" cb="0"/><line nr="123" mi="0" ci="4" mb="0" cb="0"/><line nr="124" mi="0" ci="4" mb="0" cb="0"/><line nr="127" mi="0" ci="3" mb="0" cb="2"/><line nr="129" mi="0" ci="4" mb="0" cb="0"/><line nr="130" mi="0" ci="4" mb="0" cb="0"/><line nr="132" mi="10" ci="4" mb="0" cb="0"/><line nr="134" mi="0" ci="4" mb="0" cb="0"/><line nr="135" mi="0" ci="15" mb="0" cb="0"/><line nr="137" mi="0" ci="13" mb="0" cb="0"/><line nr="138" mi="0" ci="4" mb="0" cb="0"/><line nr="139" mi="0" ci="7" mb="1" cb="1"/><line nr="140" mi="21" ci="0" mb="0" cb="0"/><line nr="143" mi="50" ci="14" mb="12" cb="4"/><line nr="145" mi="0" ci="14" mb="0" cb="0"/><line nr="147" mi="0" ci="4" mb="0" cb="0"/><line nr="148" mi="0" ci="15" mb="0" cb="0"/><line nr="150" mi="0" ci="2" mb="0" cb="0"/><line nr="151" mi="0" ci="8" mb="0" cb="0"/><line nr="152" mi="0" ci="4" mb="0" cb="0"/><line nr="153" mi="0" ci="7" mb="0" cb="2"/><line nr="154" mi="21" ci="0" mb="0" cb="0"/><line nr="157" mi="30" ci="34" mb="8" cb="8"/><line nr="159" mi="0" ci="14" mb="0" cb="0"/><line nr="161" mi="0" ci="4" mb="0" cb="0"/><line nr="162" mi="0" ci="15" mb="0" cb="0"/><line nr="165" mi="0" ci="3" mb="0" cb="0"/><line nr="166" mi="0" ci="4" mb="0" cb="0"/><line nr="167" mi="0" ci="2" mb="0" cb="0"/><line nr="168" mi="0" ci="8" mb="0" cb="0"/><line nr="169" mi="0" ci="7" mb="1" cb="1"/><line nr="170" mi="21" ci="0" mb="0" cb="0"/><line nr="174" mi="0" ci="3" mb="0" cb="0"/><line nr="175" mi="0" ci="4" mb="0" cb="0"/><line nr="176" mi="0" ci="2" mb="0" cb="0"/><line nr="177" mi="0" ci="8" mb="0" cb="0"/><line nr="178" mi="0" ci="7" mb="1" cb="1"/><line nr="179" mi="21" ci="0" mb="0" cb="0"/><line nr="183" mi="0" ci="3" mb="0" cb="0"/><line nr="184" mi="0" ci="4" mb="0" cb="0"/><line nr="185" mi="0" ci="2" mb="0" cb="0"/><line nr="186" mi="0" ci="8" mb="0" cb="0"/><line nr="187" mi="0" ci="7" mb="1" cb="1"/><line nr="188" mi="0" ci="2" mb="0" cb="0"/><line nr="189" mi="0" ci="8" mb="0" cb="0"/><line nr="191" mi="0" ci="3" mb="0" cb="0"/><line nr="192" mi="0" ci="11" mb="1" cb="5"/><line nr="193" mi="0" ci="5" mb="1" cb="1"/><line nr="194" mi="21" ci="0" mb="0" cb="0"/><line nr="199" mi="0" ci="3" mb="0" cb="0"/><line nr="200" mi="0" ci="4" mb="0" cb="0"/><line nr="201" mi="0" ci="2" mb="0" cb="0"/><line nr="202" mi="0" ci="8" mb="0" cb="0"/><line nr="203" mi="0" ci="7" mb="0" cb="2"/><line nr="204" mi="21" ci="0" mb="0" cb="0"/><line nr="206" mi="30" ci="34" mb="8" cb="8"/><line nr="208" mi="10" ci="4" mb="0" cb="0"/><line nr="210" mi="0" ci="4" mb="0" cb="0"/><line nr="211" mi="0" ci="15" mb="0" cb="0"/><line nr="213" mi="0" ci="2" mb="0" cb="0"/><line nr="214" mi="0" ci="8" mb="0" cb="0"/><line nr="215" mi="0" ci="4" mb="0" cb="0"/><line nr="216" mi="0" ci="7" mb="1" cb="1"/><line nr="217" mi="21" ci="0" mb="0" cb="0"/><line nr="219" mi="50" ci="14" mb="12" cb="4"/><line nr="220" mi="0" ci="1" mb="0" cb="0"/><line nr="221" mi="30" ci="34" mb="8" cb="8"/><line nr="222" mi="0" ci="1" mb="0" cb="0"/><counter type="INSTRUCTION" missed="448" covered="636"/><counter type="BRANCH" missed="76" covered="66"/><counter type="LINE" missed="7" covered="83"/><counter type="COMPLEXITY" missed="64" covered="12"/><counter type="METHOD" missed="0" covered="5"/><counter type="CLASS" missed="0" covered="1"/></sourcefile><counter type="INSTRUCTION" missed="448" covered="636"/><counter type="BRANCH" missed="76" covered="66"/><counter type="LINE" missed="7" covered="83"/><counter type="COMPLEXITY" missed="64" covered="12"/><counter type="METHOD" missed="0" covered="5"/><counter type="CLASS" missed="0" covered="1"/></package><package name="org/opengis/cite/gpkg12"><class name="org/opengis/cite/gpkg12/TableVerifier"><method name="&lt;init&gt;" desc="()V" line="24"><counter type="INSTRUCTION" missed="3" covered="0"/><counter type="LINE" missed="2" covered="0"/><counter type="COMPLEXITY" missed="1" covered="0"/><counter type="METHOD" missed="1" covered="0"/></method><method name="verifyTable" desc="(Ljava/sql/Connection;Ljava/lang/String;Ljava/util/Map;Ljava/util/Set;Ljava/lang/Iterable;)V" line="34"><counter type="INSTRUCTION" missed="0" covered="21"/><counter type="LINE" missed="0" covered="6"/><counter type="COMPLEXITY" missed="0" covered="1"/><counter type="METHOD" missed="0" covered="1"/></method><method name="verifyTableDefinition" desc="(Ljava/sql/Connection;Ljava/lang/String;)V" line="54"><counter type="INSTRUCTION" missed="72" covered="34"/><counter type="BRANCH" missed="13" covered="5"/><counter type="LINE" missed="1" covered="7"/><counter type="COMPLEXITY" missed="9" covered="1"/><counter type="METHOD" missed="0" covered="1"/></method><method name="getUniques" desc="(Ljava/sql/Connection;Ljava/lang/String;)Ljava/util/Set;" line="70"><counter type="INSTRUCTION" missed="120" covered="103"/><counter type="BRANCH" missed="25" covered="13"/><counter type="LINE" missed="0" covered="16"/><counter type="COMPLEXITY" missed="17" covered="3"/><counter type="METHOD" missed="0" covered="1"/></method><method name="verifyColumns" desc="(Ljava/sql/Connection;Ljava/lang/String;Ljava/util/Map;Ljava/util/Collection;)V" line="105"><counter type="INSTRUCTION" missed="55" covered="156"/><counter type="BRANCH" missed="11" covered="17"/><counter type="LINE" missed="4" covered="24"/><counter type="COMPLEXITY" missed="11" covered="4"/><counter type="METHOD" missed="0" covered="1"/></method><method name="checkExpressionEquivalence" desc="(Ljava/sql/Connection;Ljava/lang/String;Ljava/lang/String;)Z" line="165"><counter type="INSTRUCTION" missed="62" covered="75"/><counter type="BRANCH" missed="17" covered="15"/><counter type="LINE" missed="0" covered="11"/><counter type="COMPLEXITY" missed="13" covered="4"/><counter type="METHOD" missed="0" covered="1"/></method><method name="verifyForeignKeys" desc="(Ljava/sql/Connection;Ljava/lang/String;Ljava/util/Set;)V" line="195"><counter type="INSTRUCTION" missed="162" covered="89"/><counter type="BRANCH" missed="19" covered="9"/><counter type="LINE" missed="15" covered="20"/><counter type="COMPLEXITY" missed="13" covered="2"/><counter type="METHOD" missed="0" covered="1"/></method><method name="verifyGroupUniques" desc="(Ljava/lang/String;Ljava/lang/Iterable;Ljava/util/Collection;)V" line="266"><counter type="INSTRUCTION" missed="19" covered="16"/><counter type="BRANCH" missed="1" covered="3"/><counter type="LINE" missed="2" covered="4"/><counter type="COMPLEXITY" missed="1" covered="2"/><counter type="METHOD" missed="0" covered="1"/></method><method name="lambda$verifyColumns$0" desc="(Ljava/lang/String;Lorg/opengis/cite/gpkg12/UniqueDefinition;)Z" line="117"><counter type="INSTRUCTION" missed="0" covered="4"/><counter type="LINE" missed="0" covered="1"/><counter type="COMPLEXITY" missed="0" covered="1"/><counter type="METHOD" missed="0" covered="1"/></method><counter type="INSTRUCTION" missed="493" covered="498"/><counter type="BRANCH" missed="86" covered="62"/><counter type="LINE" missed="24" covered="88"/><counter type="COMPLEXITY" missed="65" covered="18"/><counter type="METHOD" missed="1" covered="8"/><counter type="CLASS" missed="0" covered="1"/></class><class name="org/opengis/cite/gpkg12/UniqueDefinition"><method name="&lt;init&gt;" desc="([Ljava/lang/String;)V" line="44"><counter type="INSTRUCTION" missed="0" covered="5"/><counter type="LINE" missed="0" covered="2"/><counter type="COMPLEXITY" missed="0" covered="1"/><counter type="METHOD" missed="0" covered="1"/></method><method name="&lt;init&gt;" desc="(Ljava/util/Collection;)V" line="53"><counter type="INSTRUCTION" missed="0" covered="9"/><counter type="LINE" missed="0" covered="3"/><counter type="COMPLEXITY" missed="0" covered="1"/><counter type="METHOD" missed="0" covered="1"/></method><method name="getColumnNames" desc="()Ljava/util/Set;" line="63"><counter type="INSTRUCTION" missed="4" covered="0"/><counter type="LINE" missed="1" covered="0"/><counter type="COMPLEXITY" missed="1" covered="0"/><counter type="METHOD" missed="1" covered="0"/></method><method name="equals" desc="(Ljava/lang/String;)Z" line="72"><counter type="INSTRUCTION" missed="0" covered="14"/><counter type="BRANCH" missed="0" covered="4"/><counter type="LINE" missed="0" covered="2"/><counter type="COMPLEXITY" missed="0" covered="3"/><counter type="METHOD" missed="0" covered="1"/></method><method name="equals" desc="(Ljava/lang/Object;)Z" line="79"><counter type="INSTRUCTION" missed="5" covered="24"/><counter type="BRANCH" missed="4" covered="4"/><counter type="LINE" missed="2" covered="5"/><counter type="COMPLEXITY" missed="4" covered="1"/><counter type="METHOD" missed="0" covered="1"/></method><method name="hashCode" desc="()I" line="97"><counter type="INSTRUCTION" missed="0" covered="4"/><counter type="LINE" missed="0" covered="1"/><counter type="COMPLEXITY" missed="0" covered="1"/><counter type="METHOD" missed="0" covered="1"/></method><counter type="INSTRUCTION" missed="9" covered="56"/><counter type="BRANCH" missed="4" covered="8"/><counter type="LINE" missed="3" covered="13"/><counter type="COMPLEXITY" missed="5" covered="7"/><counter type="METHOD" missed="1" covered="5"/><counter type="CLASS" missed="0" covered="1"/></class><class name="org/opengis/cite/gpkg12/TestNGController"><method name="main" desc="([Ljava/lang/String;)V" line="58"><counter type="INSTRUCTION" missed="54" covered="0"/><counter type="LINE" missed="15" covered="0"/><counter type="COMPLEXITY" missed="1" covered="0"/><counter type="METHOD" missed="1" covered="0"/></method><method name="&lt;init&gt;" desc="()V" line="80"><counter type="INSTRUCTION" missed="0" covered="10"/><counter type="LINE" missed="0" covered="2"/><counter type="COMPLEXITY" missed="0" covered="1"/><counter type="METHOD" missed="0" covered="1"/></method><method name="&lt;init&gt;" desc="(Ljava/lang/String;)V" line="34"><counter type="INSTRUCTION" missed="42" covered="68"/><counter type="BRANCH" missed="6" covered="2"/><counter type="LINE" missed="2" covered="12"/><counter type="COMPLEXITY" misse
[...]
="BRANCH" missed="24" covered="16"/><counter type="LINE" missed="0" covered="21"/><counter type="COMPLEXITY" missed="16" covered="5"/><counter type="METHOD" missed="0" covered="1"/></method><method name="tileMatrixDimensionAgreement" desc="()V" line="467"><counter type="INSTRUCTION" missed="132" covered="169"/><counter type="BRANCH" missed="28" covered="16"/><counter type="LINE" missed="2" covered="35"/><counter type="COMPLEXITY" missed="20" covered="3"/><counter type="METHOD" missed="0" covered="1"/></method><method name="zoomLevelNotNegative" desc="()V" line="543"><counter type="INSTRUCTION" missed="62" covered="30"/><counter type="BRANCH" missed="13" covered="5"/><counter type="LINE" missed="1" covered="5"/><counter type="COMPLEXITY" missed="9" covered="1"/><counter type="METHOD" missed="0" covered="1"/></method><method name="matrixWidthGreaterThanZero" desc="()V" line="566"><counter type="INSTRUCTION" missed="62" covered="30"/><counter type="BRANCH" missed="13" covered="5"/><counter type="LINE" missed="1" covered="5"/><counter type="COMPLEXITY" missed="9" covered="1"/><counter type="METHOD" missed="0" covered="1"/></method><method name="matrixHeightGreaterThanZero" desc="()V" line="589"><counter type="INSTRUCTION" missed="62" covered="30"/><counter type="BRANCH" missed="13" covered="5"/><counter type="LINE" missed="1" covered="5"/><counter type="COMPLEXITY" missed="9" covered="1"/><counter type="METHOD" missed="0" covered="1"/></method><method name="tileWidthGreaterThanZero" desc="()V" line="612"><counter type="INSTRUCTION" missed="62" covered="30"/><counter type="BRANCH" missed="13" covered="5"/><counter type="LINE" missed="1" covered="5"/><counter type="COMPLEXITY" missed="9" covered="1"/><counter type="METHOD" missed="0" covered="1"/></method><method name="tileHeightGreaterThanZero" desc="()V" line="635"><counter type="INSTRUCTION" missed="62" covered="30"/><counter type="BRANCH" missed="13" covered="5"/><counter type="LINE" missed="1" covered="5"/><counter type="COMPLEXITY" missed="9" covered="1"/><counter type="METHOD" missed="0" covered="1"/></method><method name="pixelXSizeGreaterThanZero" desc="()V" line="658"><counter type="INSTRUCTION" missed="62" covered="30"/><counter type="BRANCH" missed="13" covered="5"/><counter type="LINE" missed="1" covered="5"/><counter type="COMPLEXITY" missed="9" covered="1"/><counter type="METHOD" missed="0" covered="1"/></method><method name="pixelYSizeGreaterThanZero" desc="()V" line="681"><counter type="INSTRUCTION" missed="62" covered="30"/><counter type="BRANCH" missed="13" covered="5"/><counter type="LINE" missed="1" covered="6"/><counter type="COMPLEXITY" missed="9" covered="1"/><counter type="METHOD" missed="0" covered="1"/></method><method name="sortedPixelSizes" desc="()V" line="706"><counter type="INSTRUCTION" missed="61" covered="92"/><counter type="BRANCH" missed="15" covered="11"/><counter type="LINE" missed="0" covered="20"/><counter type="COMPLEXITY" missed="11" covered="3"/><counter type="METHOD" missed="0" covered="1"/></method><method name="tilesTableDefinitions" desc="()V" line="753"><counter type="INSTRUCTION" missed="15" covered="110"/><counter type="BRANCH" missed="0" covered="2"/><counter type="LINE" missed="3" covered="13"/><counter type="COMPLEXITY" missed="0" covered="2"/><counter type="METHOD" missed="0" covered="1"/></method><method name="zoomLevelRange" desc="()V" line="793"><counter type="INSTRUCTION" missed="137" covered="100"/><counter type="BRANCH" missed="26" covered="12"/><counter type="LINE" missed="2" covered="19"/><counter type="COMPLEXITY" missed="18" covered="2"/><counter type="METHOD" missed="0" covered="1"/></method><method name="tileColumnRange" desc="()V" line="844"><counter type="INSTRUCTION" missed="90" covered="55"/><counter type="BRANCH" missed="13" covered="7"/><counter type="LINE" missed="6" covered="10"/><counter type="COMPLEXITY" missed="9" covered="2"/><counter type="METHOD" missed="0" covered="1"/></method><method name="tileRowRange" desc="()V" line="886"><counter type="INSTRUCTION" missed="90" covered="55"/><counter type="BRANCH" missed="13" covered="7"/><counter type="LINE" missed="6" covered="10"/><counter type="COMPLEXITY" missed="9" covered="2"/><counter type="METHOD" missed="0" covered="1"/></method><method name="lambda$tileMatrixDimensionAgreement$0" desc="(Ljava/util/Map$Entry;)Ljava/lang/String;" line="521"><counter type="INSTRUCTION" missed="22" covered="0"/><counter type="LINE" missed="6" covered="0"/><counter type="COMPLEXITY" missed="1" covered="0"/><counter type="METHOD" missed="1" covered="0"/></method><counter type="INSTRUCTION" missed="1592" covered="1606"/><counter type="BRANCH" missed="300" covered="156"/><counter type="LINE" missed="39" covered="279"/><counter type="COMPLEXITY" missed="209" covered="45"/><counter type="METHOD" missed="1" covered="25"/><counter type="CLASS" missed="0" covered="1"/></class><sourcefile name="TileTests.java"><line nr="45" mi="0" ci="3" mb="0" cb="0"/><line nr="62" mi="0" ci="11" mb="0" cb="2"/><line nr="64" mi="5" ci="7" mb="0" cb="0"/><line nr="66" mi="0" ci="4" mb="0" cb="0"/><line nr="68" mi="5" ci="5" mb="0" cb="0"/><line nr="70" mi="0" ci="2" mb="0" cb="0"/><line nr="71" mi="0" ci="2" mb="0" cb="0"/><line nr="72" mi="0" ci="2" mb="0" cb="0"/><line nr="74" mi="0" ci="3" mb="0" cb="2"/><line nr="76" mi="0" ci="4" mb="0" cb="0"/><line nr="77" mi="0" ci="4" mb="0" cb="0"/><line nr="78" mi="0" ci="4" mb="0" cb="0"/><line nr="80" mi="0" ci="5" mb="0" cb="2"/><line nr="83" mi="0" ci="11" mb="1" cb="1"/><line nr="84" mi="1" ci="10" mb="1" cb="1"/><line nr="85" mi="0" ci="1" mb="0" cb="0"/><line nr="86" mi="0" ci="5" mb="0" cb="0"/><line nr="87" mi="0" ci="2" mb="0" cb="0"/><line nr="90" mi="0" ci="2" mb="0" cb="0"/><line nr="91" mi="0" ci="2" mb="0" cb="0"/><line nr="92" mi="0" ci="2" mb="0" cb="0"/><line nr="93" mi="0" ci="1" mb="0" cb="0"/><line nr="94" mi="25" ci="7" mb="6" cb="2"/><line nr="95" mi="25" ci="7" mb="6" cb="2"/><line nr="96" mi="0" ci="1" mb="0" cb="0"/><line nr="97" mi="0" ci="1" mb="0" cb="0"/><line nr="119" mi="0" ci="11" mb="0" cb="2"/><line nr="121" mi="10" ci="8" mb="0" cb="0"/><line nr="122" mi="0" ci="11" mb="0" cb="0"/><line nr="124" mi="0" ci="4" mb="0" cb="0"/><line nr="126" mi="0" ci="3" mb="0" cb="2"/><line nr="128" mi="0" ci="4" mb="0" cb="0"/><line nr="130" mi="0" ci="4" mb="1" cb="1"/><line nr="132" mi="7" ci="0" mb="0" cb="0"/><line nr="134" mi="0" ci="1" mb="0" cb="0"/><line nr="137" mi="0" ci="13" mb="0" cb="0"/><line nr="138" mi="0" ci="1" mb="0" cb="0"/><line nr="140" mi="0" ci="2" mb="0" cb="0"/><line nr="141" mi="0" ci="2" mb="0" cb="0"/><line nr="142" mi="0" ci="3" mb="0" cb="0"/><line nr="143" mi="50" ci="14" mb="12" cb="4"/><line nr="144" mi="0" ci="1" mb="0" cb="0"/><line nr="145" mi="0" ci="1" mb="0" cb="0"/><line nr="165" mi="0" ci="1" mb="0" cb="0"/><line nr="186" mi="0" ci="2" mb="0" cb="0"/><line nr="188" mi="0" ci="12" mb="0" cb="0"/><line nr="189" mi="0" ci="1" mb="0" cb="0"/><line nr="193" mi="0" ci="4" mb="0" cb="0"/><line nr="195" mi="0" ci="12" mb="0" cb="0"/><line nr="196" mi="0" ci="12" mb="0" cb="0"/><line nr="197" mi="0" ci="12" mb="0" cb="0"/><line nr="198" mi="0" ci="12" mb="0" cb="0"/><line nr="199" mi="0" ci="12" mb="0" cb="0"/><line nr="200" mi="0" ci="12" mb="0" cb="0"/><line nr="202" mi="0" ci="27" mb="0" cb="0"/><line nr="205" mi="0" ci="2" mb="0" cb="0"/><line nr="207" mi="0" ci="1" mb="0" cb="0"/><line nr="209" mi="1" ci="0" mb="0" cb="0"/><line nr="211" mi="10" ci="0" mb="0" cb="0"/><line nr="212" mi="0" ci="1" mb="0" cb="0"/><line nr="213" mi="0" ci="1" mb="0" cb="0"/><line nr="229" mi="0" ci="11" mb="0" cb="2"/><line nr="230" mi="10" ci="4" mb="0" cb="0"/><line nr="231" mi="0" ci="4" mb="0" cb="0"/><line nr="232" mi="0" ci="11" mb="0" cb="0"/><line nr="234" mi="0" ci="10" mb="0" cb="0"/><line nr="235" mi="0" ci="1" mb="0" cb="0"/><line nr="236" mi="50" ci="14" mb="12" cb="4"/><line nr="237" mi="0" ci="1" mb="0" cb="0"/><line nr="238" mi="0" ci="1" mb="0" cb="0"/><line nr="253" mi="10" ci="8" mb="0" cb="0"/><line nr="254" mi="0" ci="4" mb="0" cb="0"/><line nr="256" mi="0" ci="4" mb="0" cb="0"/><line nr="258" mi="0" ci="3" mb="0" cb="2"/><line nr="260" mi="0" ci="7" mb="0" cb="0"/><line nr="263" mi="0" ci="11" mb="0" cb="2"/><line nr="265" mi="0" ci="11" mb="0" cb="0"/><line nr="266" mi="0" ci="1" mb="0" cb="0"/><line nr="267" mi="0" ci="1" mb="0" cb="0"/><line nr="268" mi="50" ci="14" mb="12" cb="4"/><line nr="269" mi="0" ci="1" mb="0" cb="0"/><line nr="284" mi="10" ci="8" mb="0" cb="0"/><line nr="285" mi="0" ci="4" mb="0" cb="0"/><line nr="287" mi="0" ci="3" mb="1" cb="1"/><line nr="289" mi="12" ci="0" mb="0" cb="0"/><line nr="291" mi="50" ci="14" mb="12" cb="4"/><line nr="292" mi="0" ci="1" mb="0" cb="0"/><line nr="306" mi="10" ci="4" mb="0" cb="0"/><line nr="308" mi="0" ci="4" mb="0" cb="0"/><line nr="310" mi="0" ci="4" mb="0" cb="0"/><line nr="313" mi="0" ci="3" mb="1" cb="1"/><line nr="314" mi="22" ci="0" mb="0" cb="0"/><line nr="316" mi="50" ci="14" mb="12" cb="4"/><line nr="317" mi="0" ci="1" mb="0" cb="0"/><line nr="338" mi="0" ci="2" mb="0" cb="0"/><line nr="340" mi="0" ci="12" mb="0" cb="0"/><line nr="341" mi="0" ci="1" mb="0" cb="0"/><line nr="345" mi="0" ci="4" mb="0" cb="0"/><line nr="347" mi="0" ci="12" mb="0" cb="0"/><line nr="348" mi="0" ci="12" mb="0" cb="0"/><line nr="349" mi="0" ci="12" mb="0" cb="0"/><line nr="350" mi="0" ci="12" mb="0" cb="0"/><line nr="351" mi="0" ci="12" mb="0" cb="0"/><line nr="352" mi="0" ci="12" mb="0" cb="0"/><line nr="353" mi="0" ci="12" mb="0" cb="0"/><line nr="354" mi="0" ci="12" mb="0" cb="0"/><line nr="356" mi="0" ci="18" mb="0" cb="0"/><line nr="359" mi="0" ci="2" mb="0" cb="0"/><line nr="360" mi="0" ci="1" mb="0" cb="0"/><line nr="362" mi="1" ci="0" mb="0" cb="0"/><line nr="364" mi="10" ci="0" mb="0" cb="0"/><line nr="365" mi="0" ci="1" mb="0" cb="0"/><line nr="366" mi="0" ci="1" mb="0" cb="0"/><line nr="383" mi="10" ci="8" mb="0" cb="0"/><line nr="384" mi="0" ci="4" mb="0" cb="0"/><line nr="386" mi="0" ci="4" mb="0" cb="0"/><line nr="388" mi="0" ci="3" mb="1" cb="1"/><line nr="390" mi="7" ci="0" mb="0" cb="0"/><line nr="393" mi="0" ci="10" mb="0" cb="0"/><line nr="394" mi="0" ci="1" mb="0" cb="0"/><line nr="395" mi="0" ci="2" mb="0" cb="0"/><line nr="396" mi="50" ci="14" mb="12" cb="4"/><line nr="397" mi="0" ci="1" mb="0" cb="0"/><line nr="413" mi="0" ci="11" mb="0" cb="2"/><line nr="415" mi="0" ci="4" mb="0" cb="0"/><line nr="417" mi="5" ci="7" mb="0" cb="0"/><line nr="419" mi="0" ci="4" mb="0" cb="0"/><line nr="421" mi="5" ci="5" mb="0" cb="0"/><line nr="423" mi="0" ci="3" mb="0" cb="2"/><line nr="425" mi="0" ci="8" mb="0" cb="0"/><line nr="427" mi="25" ci="7" mb="6" cb="2"/><line nr="428" mi="25" ci="7" mb="6" cb="2"/><line nr="430" mi="0" ci="4" mb="0" cb="0"/><line nr="432" mi="10" ci="8" mb="0" cb="0"/><line nr="433" mi="0" ci="11" mb="0" cb="0"/><line nr="435" mi="0" ci="3" mb="0" cb="2"/><line nr="437" mi="0" ci="8" mb="0" cb="0"/><line nr="439" mi="50" ci="14" mb="12" cb="4"/><line nr="441" mi="0" ci="10" mb="0" cb="2"/><line nr="443" mi="0" ci="15" mb="0" cb="0"/><line nr="444" mi="0" ci="1" mb="0" cb="0"/><line nr="445" mi="0" ci="1" mb="0" cb="0"/><line nr="446" mi="0" ci="1" mb="0" cb="0"/><line nr="447" mi="0" ci="1" mb="0" cb="0"/><line nr="467" mi="0" ci="4" mb="0" cb="0"/><line nr="469" mi="0" ci="11" mb="0" cb="2"/><line nr="471" mi="5" ci="7" mb="0" cb="0"/><line nr="473" mi="0" ci="4" mb="0" cb="0"/><line nr="475" mi="5" ci="5" mb="0" cb="0"/><line nr="477" mi="0" ci="3" mb="1" cb="1"/><line nr="479" mi="0" ci="8" mb="0" cb="0"/><line nr="480" mi="0" ci="8" mb="0" cb="0"/><line nr="482" mi="0" ci="4" mb="0" cb="0"/><line nr="484" mi="5" ci="7" mb="0" cb="0"/><line nr="486" mi="0" ci="4" mb="0" cb="0"/><line nr="488" mi="5" ci="5" mb="0" cb="0"/><line nr="490" mi="0" ci="3" mb="0" cb="2"/><line nr="492" mi="0" ci="4" mb="0" cb="0"/><line nr="493" mi="0" ci="4" mb="0" cb="0"/><line nr="494" mi="0" ci="5" mb="0" cb="0"/><line nr="495" mi="0" ci="5" mb="0" cb="0"/><line nr="496" mi="0" ci="5" mb="0" cb="0"/><line nr="497" mi="0" ci="5" mb="0" cb="0"/><line nr="499" mi="0" ci="14" mb="1" cb="1"/><line nr="500" mi="0" ci="2" mb="1" cb="1"/><line nr="502" mi="7" ci="0" mb="0" cb="0"/><line nr="504" mi="0" ci="1" mb="0" cb="0"/><line nr="505" mi="25" ci="7" mb="6" cb="2"/><line nr="506" mi="25" ci="7" mb="6" cb="2"/><line nr="508" mi="0" ci="3" mb="1" cb="1"/><line nr="510" mi="5" ci="0" mb="0" cb="0"/><line nr="513" mi="25" ci="7" mb="6" cb="2"/><line nr="514" mi="25" ci="7" mb="6" cb="2"/><line nr="515" mi="0" ci="1" mb="0" cb="0"/><line nr="517" mi="0" ci="9" mb="0" cb="0"/><line nr="518" mi="0" ci="1" mb="0" cb="0"/><line nr="519" mi="0" ci="1" mb="0" cb="0"/><line nr="520" mi="0" ci="2" mb="0" cb="0"/><line nr="521" mi="8" ci="2" mb="0" cb="0"/><line nr="522" mi="5" ci="0" mb="0" cb="0"/><line nr="523" mi="2" ci="0" mb="0" cb="0"/><line nr="524" mi="2" ci="0" mb="0" cb="0"/><line nr="525" mi="2" ci="0" mb="0" cb="0"/><line nr="526" mi="3" ci="0" mb="0" cb="0"/><line nr="527" mi="0" ci="3" mb="0" cb="0"/><line nr="528" mi="0" ci="1" mb="0" cb="0"/><line nr="543" mi="10" ci="8" mb="0" cb="0"/><line nr="544" mi="0" ci="4" mb="0" cb="0"/><line nr="546" mi="0" ci="3" mb="1" cb="1"/><line nr="548" mi="2" ci="0" mb="0" cb="0"/><line nr="550" mi="50" ci="14" mb="12" cb="4"/><line nr="551" mi="0" ci="1" mb="0" cb="0"/><line nr="566" mi="10" ci="8" mb="0" cb="0"/><line nr="567" mi="0" ci="4" mb="0" cb="0"/><line nr="569" mi="0" ci="3" mb="1" cb="1"/><line nr="571" mi="2" ci="0" mb="0" cb="0"/><line nr="573" mi="50" ci="14" mb="12" cb="4"/><line nr="574" mi="0" ci="1" mb="0" cb="0"/><line nr="589" mi="10" ci="8" mb="0" cb="0"/><line nr="590" mi="0" ci="4" mb="0" cb="0"/><line nr="592" mi="0" ci="3" mb="1" cb="1"/><line nr="594" mi="2" ci="0" mb="0" cb="0"/><line nr="596" mi="50" ci="14" mb="12" cb="4"/><line nr="597" mi="0" ci="1" mb="0" cb="0"/><line nr="612" mi="10" ci="8" mb="0" cb="0"/><line nr="613" mi="0" ci="4" mb="0" cb="0"/><line nr="615" mi="0" ci="3" mb="1" cb="1"/><line nr="617" mi="2" ci="0" mb="0" cb="0"/><line nr="619" mi="50" ci="14" mb="12" cb="4"/><line nr="620" mi="0" ci="1" mb="0" cb="0"/><line nr="635" mi="10" ci="8" mb="0" cb="0"/><line nr="636" mi="0" ci="4" mb="0" cb="0"/><line nr="638" mi="0" ci="3" mb="1" cb="1"/><line nr="640" mi="2" ci="0" mb="0" cb="0"/><line nr="642" mi="50" ci="14" mb="12" cb="4"/><line nr="643" mi="0" ci="1" mb="0" cb="0"/><line nr="658" mi="10" ci="8" mb="0" cb="0"/><line nr="659" mi="0" ci="4" mb="0" cb="0"/><line nr="661" mi="0" ci="3" mb="1" cb="1"/><line nr="663" mi="2" ci="0" mb="0" cb="0"/><line nr="665" mi="50" ci="14" mb="12" cb="4"/><line nr="666" mi="0" ci="1" mb="0" cb="0"/><line nr="681" mi="10" ci="4" mb="0" cb="0"/><line nr="682" mi="0" ci="4" mb="0" cb="0"/><line nr="683" mi="0" ci="4" mb="0" cb="0"/><line nr="685" mi="0" ci="3" mb="1" cb="1"/><line nr="686" mi="2" ci="0" mb="0" cb="0"/><line nr="688" mi="50" ci="14" mb="12" cb="4"/><line nr="689" mi="0" ci="1" mb="0" cb="0"/><line nr="706" mi="0" ci="11" mb="0" cb="2"/><line nr="707" mi="5" ci="7" mb="0" cb="0"/><line nr="708" mi="0" ci="4" mb="0" cb="0"/><line nr="709" mi="5" ci="5" mb="0" cb="0"/><line nr="710" mi="0" ci="3" mb="1" cb="1"/><line nr="711" mi="0" ci="3" mb="0" cb="0"/><line nr="713" mi="0" ci="4" mb="0" cb="0"/><line nr="714" mi="0" ci="4" mb="0" cb="0"/><line nr="716" mi="0" ci="3" mb="0" cb="2"/><line nr="717" mi="0" ci="4" mb="0" cb="0"/><line nr="718" mi="0" ci="4" mb="0" cb="0"/><line nr="720" mi="1" ci="18" mb="2" cb="2"/><line nr="721" mi="0" ci="1" mb="0" cb="0"/><line nr="723" mi="0" ci="2" mb="0" cb="0"/><line nr="724" mi="0" ci="2" mb="0" cb="0"/><line nr="725" mi="0" ci="1" mb="0" cb="0"/><line nr="727" mi="25" ci="7" mb="6" cb="2"/><line nr="728" mi="25" ci="7" mb="6" cb="2"/><line nr="729" mi="0" ci="1" mb="0" cb="0"/><line nr="730" mi="0" ci="1" mb="0" cb="0"/><line nr="753" mi="0" ci="4" mb="0" cb="0"/><line nr="755" mi="0" ci="12" mb="0" cb="0"/><line nr="756" mi="0" ci="12" mb="0" cb="0"/><line nr="757" mi="0" ci="12" mb="0" cb="0"/><line nr="758" mi="0" ci="12" mb="0" cb="0"/><line nr="759" mi="0" ci="12" mb="0" cb="0"/><line nr="761" mi="0" ci="11" mb="0" cb="2"/><line nr="763" mi="0" ci="5" mb="0" cb="0"/><line nr="766" mi="0" ci="25" mb="0" cb="0"/><line nr="767" mi="0" ci="2" mb="0" cb="0"/><line nr="769" mi="1" ci="0" mb="0" cb="0"/><line nr="771" mi="12" ci="0" mb="0" cb="0"/><line nr="773" mi="2" ci="0" mb="0" cb="0"/><line nr="774" mi="0" ci="1" mb="0" cb="0"/><line nr="775" mi="0" ci="1" mb="0" cb="0"/><line nr="776" mi="0" ci="1" mb="0" cb="0"/><line nr="793" mi="0" ci="11" mb="0" cb="2"/><line nr="800" mi="5" ci="7" mb="0" cb="0"/><line nr="801" mi="0" ci="4" mb="0" cb="0"/><line nr="802" mi="5" ci="5" mb="0" cb="0"/><line nr="803" mi="0" ci="4" mb="0" cb="0"/><line nr="804" mi="0" ci="4" mb="0" cb="0"/><line nr="805" mi="0" ci="3" mb="0" cb="0"/><line nr="806" mi="25" ci="7" mb="6" cb="2"/><line nr="807" mi="25" ci="7" mb="6" cb="2"/><line nr="810" mi="1" ci="2" mb="1" cb="1"/><line nr="812" mi="5" ci="14" mb="0" cb="0"/><line nr="813" mi="0" ci="4" mb="0" cb="0"/><line nr="814" mi="0" ci="4" mb="0" cb="0"/><line nr="816" mi="5" ci="5" mb="0" cb="0"/><line nr="817" mi="0" ci="3" mb="1" cb="1"/><line nr="819" mi="13" ci="0" mb="0" cb="0"/><line nr="821" mi="3" ci="0" mb="0" cb="0"/><line nr="823" mi="25" ci="7" mb="6" cb="2"/><line nr="824" mi="25" ci="7" mb="6" cb="2"/><line nr="825" mi="0" ci="1" mb="0" cb="0"/><line nr="826" mi="0" ci="1" mb="0" cb="0"/><line nr="844" mi="0" ci="11" mb="0" cb="2"/><line nr="846" mi="0" ci="9" mb="0" cb="0"/><line nr="853" mi="5" ci="7" mb="0" cb="0"/><line nr="854" mi="0" ci="4" mb="0" cb="0"/><line nr="855" mi="5" ci="5" mb="0" cb="0"/><line nr="856" mi="0" ci="3" mb="1" cb="1"/><line nr="857" mi="4" ci="0" mb="0" cb="0"/><line nr="858" mi="4" ci="0" mb="0" cb="0"/><line nr="860" mi="14" ci="0" mb="0" cb="0"/><line nr="862" mi="5" ci="0" mb="0" cb="0"/><line nr="863" mi="2" ci="0" mb="0" cb="0"/><line nr="864" mi="1" ci="0" mb="0" cb="0"/><line nr="865" mi="25" ci="7" mb="6" cb="2"/><line nr="866" mi="25" ci="7" mb="6" cb="2"/><line nr="867" mi="0" ci="1" mb="0" cb="0"/><line nr="868" mi="0" ci="1" mb="0" cb="0"/><line nr="886" mi="0" ci="11" mb="0" cb="2"/><line nr="888" mi="0" ci="9" mb="0" cb="0"/><line nr="895" mi="5" ci="7" mb="0" cb="0"/><line nr="896" mi="0" ci="4" mb="0" cb="0"/><line nr="897" mi="5" ci="5" mb="0" cb="0"/><line nr="898" mi="0" ci="3" mb="1" cb="1"/><line nr="899" mi="4" ci="0" mb="0" cb="0"/><line nr="900" mi="4" ci="0" mb="0" cb="0"/><line nr="902" mi="14" ci="0" mb="0" cb="0"/><line nr="904" mi="5" ci="0" mb="0" cb="0"/><line nr="905" mi="2" ci="0" mb="0" cb="0"/><line nr="906" mi="1" ci="0" mb="0" cb="0"/><line nr="907" mi="25" ci="7" mb="6" cb="2"/><line nr="908" mi="25" ci="7" mb="6" cb="2"/><line nr="909" mi="0" ci="1" mb="0" cb="0"/><line nr="910" mi="0" ci="1" mb="0" cb="0"/><counter type="INSTRUCTION" missed="1592" covered="1606"/><counter type="BRANCH" missed="300" covered="156"/><counter type="LINE" missed="39" covered="279"/><counter type="COMPLEXITY" missed="209" covered="45"/><counter type="METHOD" missed="1" covered="25"/><counter type="CLASS" missed="0" covered="1"/></sourcefile><counter type="INSTRUCTION" missed="1592" covered="1606"/><counter type="BRANCH" missed="300" covered="156"/><counter type="LINE" missed="39" covered="279"/><counter type="COMPLEXITY" missed="209" covered="45"/><counter type="METHOD" missed="1" covered="25"/><counter type="CLASS" missed="0" covered="1"/></package><counter type="INSTRUCTION" missed="12309" covered="15296"/><counter type="BRANCH" missed="2267" covered="1457"/><counter type="LINE" missed="668" covered="2414"/><counter type="COMPLEXITY" missed="1685" covered="505"/><counter type="METHOD" missed="55" covered="261"/><counter type="CLASS" missed="2" covered="41"/></report>